1	书记	i
2	耀	i
3	坚守	i
4	楼兰	i
5	奥迪	i
6	涉	i
7	出来	i
8	丽塔祛痘	i
9	下周	i
10	公测	i
11	免疫	i
12	博盈羊胎素胶囊	i
13	二当家	i
14	外科	i
15	平安	i
16	周氏黑膏药	i
17	设计	i
18	确保	i
19	52货源网	i
20	后视镜	i
21	埋线	i
22	天津8630医院	i
23	现役军人	i
24	发售	i
25	G4	i
26	内测	i
27	叶片	i
28	性能|价格	i
29	Honda	i
30	润坊强力祛痘膏	i
31	发生	i
32	包装	i
33	欲	i
34	成分	i
35	北京交通大学	i
36	分级	i
37	此外	i
38	产后	i
39	锦秋	i
40	妊娠	i
41	奥运	i
42	古城	i
43	申龙	i
44	GT	i
45	安痘园中药馆	i
46	热促	i
47	两天	i
48	51毕业论文网	i
49	两大	i
50	反	i
51	牌	i
52	舒缓	i
53	新生	i
54	科	i
55	基净痘	i
56	缺乏	i
57	南京半山医院	i
58	日本蒸润宝	i
59	摘	i
60	娇妍经痛贴	i
61	娇魅丽儿	i
62	难以	i
63	赞	i
64	spiiker	i
65	抛	i
66	针对	i
67	除	i
68	初乳	i
69	癫痫	i
70	普罗赛安	i
71	首届	i
72	揭	i
73	东方之美	i
74	专科医院	i
75	规格	i
76	盈利	i
77	线上	i
78	其	i
79	长虹	i
80	雷神	i
81	见面会	i
82	科信教育	i
83	接近	i
84	绿	i
85	福建	i
86	百利网	i
87	大漠摄影	i
88	耳塞	i
89	美高梅娱乐城	i
90	百福美鱼胶原	i
91	济南天逸彩妆	i
92	韩国巧克瘦身茶	i
93	凯芙琳	i
94	第三	i
95	隆基止泄酊	i
96	队伍	i
97	无痕	i
98	新疆	i
99	应	i
100	梦菲尔	i
101	姐舒艾鲁亚	i
102	nubia	i
103	灵	i
104	两种	i
105	坦途	i
106	甄光俊	i
107	公路	i
108	为了	i
109	技术	i
110	是	i
111	拉动	i
112	玫芦消痤膏	i
113	Z8	i
114	Z9	i
115	刷	i
116	芝元唐力平软胶囊	i
117	情况	i
118	贬值	i
119	捷易通	i
120	雅瑞丽	i
121	Z1	i
122	摄影	i
123	起步	i
124	回馈活动	i
125	身	i
126	办真驾驶证	i
127	全方位	i
128	尖锐湿疣	i
129	坤宁膏	i
130	大批	i
131	道经	i
132	骨质	i
133	赠送	i
134	酸	i
135	酷睿	i
136	葆莼本草护肤品	i
137	101	i
138	维护	i
139	也	i
140	7彩G	i
141	速腾	i
142	金门高粱酒	i
143	北京欢迎你	i
144	黑黛增发	i
145	有点晕	i
146	商务	i
147	陶氏膏药	i
148	产品	i
149	龙虾	i
150	三名	i
151	向上	i
152	广	i
153	中心	i
154	直销店	i
155	郑州婴之杰	i
156	美国高菲特	i
157	目前	i
158	检察官	i
159	瑞丰国际	i
160	温阳	i
161	上	i
162	最后	i
163	LEON	i
164	后	i
165	频	i
166	过敏	i
167	失球数	i
168	购物商城	i
169	瑞士鱼乐	i
170	机制	i
171	售	i
172	首次发现	i
173	金疣康组合	i
174	石榴	i
175	牛米	i
176	联盟	i
177	禁止	i
178	法治	i
179	薇	i
180	产生	i
181	豆颜净	i
182	新华南鞋子网	i
183	康复新液	i
184	链接	i
185	露营	i
186	解盘	i
187	自动扶梯	i
188	一款	i
189	团伙	i
190	尾	i
191	重庆现代女子医院	i
192	可贝尔	i
193	旗舰店	i
194	修复	i
195	乳腺	i
196	反转	i
197	男子医院	i
198	就业	i
199	妮可凝胶缩阴棒	i
200	皇家礼炮影院	i
201	散套	i
202	加禾植发	i
203	亲情	i
204	绕	i
205	轻工	i
206	开展	i
207	疤痕	i
208	炫彩	i
209	正式	i
210	以下	i
211	以上	i
212	mm	i
213	期货行情	i
214	中药祛痘粉刺液	i
215	主要	i
216	口服消银龙酒	i
217	恩京英语	i
218	号	i
219	胆舒康贴剂官网	i
220	为何	i
221	遍地开花	i
222	鹰潭	i
223	精准	i
224	老	i
225	节	i
226	瑞贝卡假发	i
227	亿元	i
228	诚邀	i
229	洁牙	i
230	媒	i
231	百福美鱼胶蛋白	i
232	大放价	i
233	绿瘦减肥药	i
234	期指	i
235	未来	i
236	最佳中国酒店网	i
237	员工	i
238	竹地板	i
239	葆莼的洁发霜	i
240	LG	i
241	时空	i
242	成主流	i
243	莲花学习网	i
244	购车有礼	i
245	达成	i
246	帝	i
247	台湾	i
248	锐客奶茶	i
249	新玉润	i
250	乒乓球	i
251	改变	i
252	新手卡	i
253	LED灯	i
254	上海华山医院	i
255	k7官网	i
256	好邦专卖店	i
257	LX	i
258	金价	i
259	梵素祛毛套装	i
260	河北	i
261	克	i
262	梦之队	i
263	前	i
264	双	i
265	返现	i
266	品牌	i
267	名爵	i
268	首次曝光	i
269	新品	i
270	简单	i
271	丽讯	i
272	智能机器人	i
273	新房源	i
274	新纤姿	i
275	增生	i
276	黄芪	i
277	法国莱思蒂思	i
278	王者	i
279	图库	i
280	尔勒	i
281	杯	i
282	正常	i
283	玛丽艳	i
284	卫浴	i
285	颐辉痘疤	i
286	固	i
287	周杰伦	i
288	茚象泉	i
289	安利雅姿	i
290	虽然	i
291	入门	i
292	芝元保甘灵	i
293	辉	i
294	热巴罗布膏药	i
295	强大	i
296	再	i
297	钏	i
298	会不会	i
299	归来	i
300	碧莲盛无痕植发	i
301	堂	i
302	尔	i
303	家家	i
304	北京三博脑科医院	i
305	第四季度	i
306	癫痫病人	i
307	缺失	i
308	润之尔康雪彦茶	i
309	就	i
310	潍坊博雅整形	i
311	称号	i
312	碧	i
313	遇到	i
314	宣布	i
315	正在	i
316	爆	i
317	是什么	i
318	苷道芯缓释茶	i
319	模式	i
320	印象	i
321	水	i
322	杭州华山整形医院	i
323	圈	i
324	更多优惠	i
325	正泉舒组合	i
326	只需	i
327	力度	i
328	采取	i
329	葡萄籽	i
330	CE本草药妆	i
331	摄	i
332	Mobile	i
333	改造	i
334	贾西奇	i
335	公众	i
336	广播剧	i
337	才能	i
338	博士茶	i
339	基地	i
340	透露	i
341	库尔	i
342	显示	i
343	简单易学	i
344	学	i
345	购物卡	i
346	sbonie	i
347	痘清美	i
348	玛丽	i
349	l	i
350	规模	i
351	天然气	i
352	本期奖池	i
353	倒	i
354	治痈秘方网	i
355	妞妞基地动漫	i
356	杨幂	i
357	联系电话	i
358	博时	i
359	以及	i
360	信德国际娱乐	i
361	北京中德植发医院	i
362	贵州	i
363	女星	i
364	大连理工大学	i
365	标	i
366	i8	i
367	沙泊琳娜	i
368	台达	i
369	万家乐扎金花	i
370	潘魅斯	i
371	陕西	i
372	笑	i
373	爸爸	i
374	艺术	i
375	宏	i
376	平复	i
377	优	i
378	因为	i
379	新型	i
380	芳草	i
381	通络安乳贴	i
382	居民	i
383	热卖中	i
384	红辣椒	i
385	在线	i
386	加	i
387	庐山濂溪堂减肥茶	i
388	香港	i
389	缩	i
390	云南整形网	i
391	芝元纤秀婷软胶囊	i
392	共计	i
393	康阴宁	i
394	贵	i
395	抗皱	i
396	淋克净组合	i
397	现车	i
398	突出	i
399	部分	i
400	湖南省	i
401	美腹SO	i
402	香港修身堂	i
403	诚信	i
404	大姐	i
405	降	i
406	眉	i
407	配	i
408	给利网中子	i
409	成都	i
410	学习	i
411	暴跌	i
412	休闲食品	i
413	中关村	i
414	适当	i
415	肤达尼祛疤	i
416	斑斑	i
417	采摘	i
418	胆清强磁贴官网	i
419	抑疮	i
420	卡	i
421	液晶	i
422	实施	i
423	来看	i
424	延安	i
425	赤峰招聘网	i
426	同仁咽康王	i
427	每秒	i
428	锦泰期货	i
429	瑞博国际	i
430	完美演绎	i
431	韩勇99	i
432	博亿娱乐城	i
433	高飞特	i
434	SSD	i
435	驻	i
436	引爆	i
437	好	i
438	报道	i
439	艾碧丽丝去斑产品	i
440	青年	i
441	下面	i
442	青春瘦减肥	i
443	训练	i
444	争	i
445	王	i
446	上半年	i
447	玻尿酸原液	i
448	球	i
449	卡杜巴能量液	i
450	博爱医院	i
451	小艾	i
452	储值卡	i
453	密集	i
454	或	i
455	白癜风患者	i
456	东亚	i
457	汇源顽癣净	i
458	橙摄影	i
459	变身	i
460	适度	i
461	每天	i
462	邀请码	i
463	魔尔丰胸	i
464	综艺传芳	i
465	妆	i
466	斯	i
467	烟台	i
468	贴剂	i
469	贴	i
470	光仁医院	i
471	美尔	i
472	礼	i
473	氨来闩悼谇惶片	i
474	Prune	i
475	猎狮	i
476	无	i
477	三分钟	i
478	烦恼	i
479		i
480	大放	i
481	子	i
482	信阳	i
483	Edge	i
484	国际动漫	i
485	开幕	i
486	输出功率	i
487	九制芙康	i
488	跟	i
489	全域	i
490	哥	i
491	颐	i
492	紧跟	i
493	肽	i
494	痘清美白宝	i
495		i
496	港股	i
497	利澳娱乐	i
498	之家	i
499	漏洞	i
500	波罗	i
501	赴	i
502	防止	i
503	特米团导航	i
504	h	i
505	超声波王强	i
506	Galaxy	i
507	腰腿痛	i
508	安体舒通	i
509	莎柏林娜	i
510	Q3	i
511	遵义市	i
512	Q5	i
513	薄	i
514	三	i
515	走进	i
516	将会	i
517	倍	i
518	倾姿堂	i
519	农夫电影	i
520	行驶	i
521	预期	i
522	抖	i
523	诗迪姗	i
524	萱语萱颜祛痘	i
525	陆风	i
526	招行	i
527	上海华美口腔	i
528	股市	i
529	疤	i
530	大	i
531	资料库	i
532	记	i
533	礼包	i
534	参数	i
535	看法	i
536	战痘基	i
537	人气	i
538	痘乐仕去黑套装	i
539	利尿消炎丸	i
540	人民	i
541	优势	i
542	尝试	i
543	美国gft400	i
544	谢霆锋	i
545	秘籍	i
546	瘦脸	i
547	战痘基净痘组合	i
548	一览	i
549	瓶	i
550	里	i
551	笑月白	i
552	当	i
553	铃木	i
554	生发	i
555	肛肠	i
556	春之韵	i
557	企业	i
558	黑车出售	i
559	QQ	i
560	公交	i
561	疤痕产品肤达尼	i
562	济宁	i
563	解锁	i
564	颠覆传统	i
565	缓释茶	i
566	疼痛	i
567	棋牌	i
568	雍禾植发医院	i
569	30174745	i
570	牛奶荷叶胶囊	i
571	精华	i
572	靓首织发补发中心	i
573	丹参酮胶囊	i
574	排量	i
575	之缘血康组合	i
576	vitea	i
577	卵巢	i
578	军民	i
579	切实推进	i
580	到店	i
581	君	i
582	到底	i
583	五菱之光	i
584	咋	i
585	祛痘膏	i
586	绮罗香	i
587	细胞	i
588	成功	i
589	周末	i
590	机场	i
591	潘	i
592	内	i
593	校区	i
594	依	i
595	芝元丰满秀软胶囊	i
596	代表团	i
597	691	i
598	色咪咪娱乐网	i
599	周期	i
600	座	i
601	美睿尔	i
602	排队	i
603	减肥茶	i
604	芯	i
605	许多	i
606	济南骏逸装饰	i
607	角化复康组合	i
608	ilisya	i
609	其他	i
610	逸	i
611	区	i
612	羽	i
613	组合装	i
614	AFUSA抗皱霜	i
615	社	i
616	有限	i
617	11	i
618	贝莉雅黛	i
619	汇臣PTX涂抹	i
620	投稿指南	i
621	极速百度知道软件	i
622	案	i
623	丰胸茶	i
624	编辑	i
625	习近平	i
626	日常	i
627	健康	i
628	新光	i
629	保	i
630	GALAXY	i
631	上海新科医院	i
632	面	i
633	粒子	i
634	新兴	i
635	真相	i
636	不再	i
637	涡轮	i
638	暑期	i
639	深	i
640	京海	i
641	Windows10	i
642	泌疣清	i
643	减肥药	i
644	双向	i
645	系	i
646	观点	i
647	语言	i
648	万	i
649	尿酸	i
650	文化节	i
651	才是	i
652	NEWYAZI	i
653	固态	i
654	美容	i
655	猫网	i
656	天然果瘦	i
657	高菲特	i
658	手机	i
659	小时	i
660	Android	i
661	欧洲斯琳美	i
662	医药	i
663	儿童	i
664	PS4	i
665	新发现植发	i
666	返回	i
667	多伦多	i
668	滋	i
669	底盘	i
670	机型	i
671	天	i
672	火线魔盒	i
673	颜魔师全能眼霜	i
674	陈树荣苦菜煮汤	i
675	奥黛班	i
676	进口车	i
677	理性	i
678	本草香妆	i
679	瘦身淑女屋	i
680	发献	i
681	女性	i
682	基金	i
683	360	i
684	采用	i
685	享淘网皇冠店	i
686	李氏膏药	i
687	大厂	i
688	叫	i
689	全国	i
690	股票	i
691	空军	i
692	美帕莎网	i
693	敏婷搭档	i
694	野	i
695	自动点击王	i
696	城区	i
697	自动对焦	i
698	北京海华医院	i
699	终端	i
700	保列通	i
701	信贷	i
702	光学防抖	i
703	欢夜娇宠	i
704	其一	i
705	jessiejane	i
706	肤美达敏感肌肤霜	i
707	赠品	i
708	雅菥美白补水面膜	i
709	最高价	i
710	华鹤家具	i
711	损害	i
712	良	i
713	化瘀贴	i
714	绿豆泥浆面膜	i
715	陷	i
716	长效	i
717	方向	i
718	何	i
719	类	i
720	穿	i
721	葆莼本草	i
722	改革	i
723	毛发	i
724	昂	i
725	黑木耳颗粒	i
726	垃圾分类	i
727	自主	i
728	前列益通	i
729	ETC	i
730	美堂痛经贴	i
731	ETF	i
732	测名	i
733	林	i
734	永利高	i
735	皮康圣液抗菌液	i
736	第六代	i
737	HC360度补发	i
738	进货	i
739	前瞻	i
740	美国高飞特	i
741	总统娱乐	i
742	新能源	i
743	元素	i
744	本	i
745	赛季	i
746	治疗方法	i
747	名医	i
748	出租车	i
749	点	i
750	重庆迪邦	i
751	眼	i
752	全省	i
753	飞利浦	i
754	起亚	i
755	C5	i
756	调整	i
757	新婷美减肥胶囊	i
758	青海省	i
759	搞定	i
760	一起来	i
761	伊美婷	i
762	豆	i
763	研究	i
764	益生菌	i
765	疑似	i
766	好莱坞	i
767	硬朗	i
768	部门	i
769	环球网校	i
770	战平	i
771	全面	i
772	假想	i
773	香格儿瘦身胶囊	i
774	娱乐	i
775	放入	i
776	丰富	i
777	辛	i
778	蜜茶	i
779	拍摄	i
780	康洁墙壁克霉王	i
781	票	i
782	甩卖	i
783	走	i
784	东方瑞丽	i
785	vikki	i
786	世家	i
787	吴曦	i
788	聚宝盆娱乐	i
789	代表	i
790	一辆	i
791	爱戴眼镜网	i
792	FHD	i
793	戴尔	i
794	体现	i
795	美丽加芬	i
796	双门	i
797	惠	i
798	汽车用品	i
799	留守儿童	i
800	实拍	i
801	朗	i
802	补发	i
803	联众鱼乐	i
804	丝	i
805	众多	i
806	商城	i
807	不合格	i
808	厦门登特口腔	i
809	罗坚美食	i
810	移动	i
811	被免职	i
812	有望下调	i
813	妨	i
814	分辨率	i
815	膜	i
816	上海科瓦齿科	i
817	凯芙琳祛痘	i
818	出招	i
819	新四军	i
820	优色林	i
821	鸿运起名测名	i
822	消失了	i
823	享额外	i
824	H3C	i
825	放出	i
826	祛痘最终号	i
827	详细	i
828	中草药	i
829	i3	i
830	i5	i
831	错过	i
832	神秘	i
833	重新设计	i
834	消协	i
835	两岸	i
836	足部幸福之源	i
837	赛	i
838	九	i
839	目标推销网	i
840	安化黑茶	i
841	身亡	i
842	家居	i
843	乐	i
844	高薪诚聘	i
845	复杂	i
846	水平	i
847	药	i
848	马自达	i
849	百肤乐痤疮灵	i
850	丝菲祛红组合	i
851	说	i
852	乐知在线英语	i
853	银	i
854	东京	i
855	动态	i
856	操盘	i
857	青青秀身茶	i
858	体验生活	i
859	极	i
860	连销售	i
861	Win7	i
862	5S	i
863	猛男延时术	i
864	智能	i
865	新手卡之家KY6	i
866	上汽	i
867	诗兰蕊	i
868	战	i
869	标配	i
870	车身	i
871	附近	i
872	联合国	i
873	美女	i
874	百度	i
875	诺基亚	i
876	结果	i
877	乳液	i
878	北京	i
879	钟爱	i
880	超载	i
881	粉	i
882	黄金组合	i
883	高分辨率	i
884	排名	i
885	国家队	i
886	地黄本草	i
887	傲娇叻	i
888	扣扣电影网	i
889	无忧	i
890	但	i
891	十三张娱乐	i
892	卡杜巴	i
893	电脑	i
894	华	i
895	中药面宝园	i
896	泼水节	i
897	纽约	i
898	狐臭	i
899	减肥时尚茶ne	i
900	铺就	i
901	安娜苏	i
902	庆生	i
903	各高校	i
904	M235i	i
905	红包	i
906	终结者	i
907	姝丽	i
908	瘦mm减肥论坛	i
909	时下	i
910	周易预测类网站	i
911	据	i
912	买	i
913	瑞薇琪	i
914	投资者	i
915	丽塔去痘茶	i
916	蓝天	i
917	JAHF	i
918	国际油价	i
919	赔偿	i
920	GrowthFlex	i
921	荣耀	i
922	推广	i
923	辆	i
924	英国	i
925	超过	i
926	车主	i
927	和	i
928	伊兰特	i
929	还会	i
930	部队	i
931	环保	i
932	会员	i
933	威士壮	i
934	信号	i
935	使用	i
936	折	i
937	宛若新	i
938	贝	i
939	软坚化瘤膏	i
940	北京德胜门中医院	i
941	利润	i
942	报名	i
943	消费者权益保护	i
944	更好	i
945	加禾无痕植发	i
946	心中	i
947	录取通知书	i
948	没有	i
949	骨	i
950	太阳城线上娱乐城	i
951	三杰祛痘膏	i
952	沙画	i
953	液	i
954	图书	i
955	高纬度	i
956	匹	i
957	看上去	i
958	车上	i
959	御淑堂美胸套装	i
960	稳健	i
961	三分天下	i
962	谜尚遮瑕膏	i
963	各种	i
964	更多	i
965	汇	i
966	博卡邦成长发育片	i
967	创富金融网	i
968	一定要	i
969	轻松	i
970	就要	i
971	倒车	i
972	奕	i
973	电子元器件	i
974	泽乌汤	i
975	契尔氏的牛油果	i
976	佩	i
977	明年	i
978	特价	i
979	X250	i
980	金槐	i
981	H9	i
982	入	i
983	皇冠店铺	i
984	手柄	i
985	H2	i
986	北京京华友好医院	i
987	农场	i
988	德伦口腔	i
989	季季瘦网	i
990	MPV	i
991	普惠	i
992	同比	i
993	北风网	i
994	洛克娱乐	i
995	免费下载	i
996	旗立乐	i
997	幻	i
998	出	i
999	520广播剧网	i
1000	白牙贴	i
1001	洁盾祛痘组合	i
1002	人民币	i
1003	决赛	i
1004	行车	i
1005	衣物	i
1006	双面	i
1007	股吧	i
1008	肛肠科	i
1009	减肥	i
1010	上手	i
1011	酷炫	i
1012	化妆品	i
1013	卢克索娱乐	i
1014	SUV	i
1015	时代	i
1016	迅猛	i
1017	丽尔美双效祛斑组	i
1018	咀嚼片	i
1019	4s店	i
1020	京东	i
1021	打造	i
1022	天津	i
1023	广州日报	i
1024	水精	i
1025	维塔ne减肥茶	i
1026	上线	i
1027	家庄	i
1028	桃色大本营	i
1029	带	i
1030	真玑泉无添加祛痘	i
1031	美容网	i
1032	等	i
1033	脱发治疗乌师发宝	i
1034	安全	i
1035	ㄠ	i
1036	处方药	i
1037	地产	i
1038	车辆	i
1039	体育	i
1040	跨境	i
1041	NBA	i
1042	回	i
1043	数据	i
1044	HP	i
1045	赛车	i
1046	视频	i
1047	笔记本	i
1048	情	i
1049	黑发	i
1050	书法艺术	i
1051	感受	i
1052	性能	i
1053	成长	i
1054	量	i
1055	量能	i
1056	冬日	i
1057	兑换	i
1058	养荣种玉膏	i
1059	冬奥	i
1060	煤	i
1061	巧	i
1062	源	i
1063	欧伦敦	i
1064	陈树荣苦菜	i
1065	是不是	i
1066	业务	i
1067	vivo	i
1068	潘魅斯除纹霜	i
1069	透明质	i
1070	纤芊秀	i
1071	换代	i
1072	瑞士	i
1073	一起	i
1074	发片	i
1075	yoryu	i
1076	开盘价	i
1077	纪元清宫茶	i
1078	驾	i
1079	优发阿佩辛	i
1080	奥丽婷	i
1081	恩	i
1082	者	i
1083	娇馨莱	i
1084	了	i
1085	巴宝莉	i
1086	看	i
1087	方面	i
1088	名	i
1089	延续	i
1090	湿地	i
1091	徐	i
1092	广本	i
1093	重现	i
1094	百福美鱼胶原蛋白	i
1095	相关	i
1096	上市	i
1097	中国品牌	i
1098	俪包姿	i
1099	巍	i
1100	深水	i
1101	约	i
1102	MSKINS	i
1103	调查	i
1104	儿子	i
1105	辰	i
1106	蔓妮韵	i
1107	秒杀	i
1108	男	i
1109	疗	i
1110	香士力	i
1111	序幕	i
1112	怎样	i
1113	陈坤	i
1114	衰竭	i
1115	长期	i
1116	祛斑	i
1117	左右	i
1118	爱丽舍	i
1119	因此	i
1120	Windows	i
1121	精致	i
1122	奥恩美业	i
1123	乐儿	i
1124	美帕莎	i
1125	旋转	i
1126	起名测名	i
1127	荣膺	i
1128	硕	i
1129	不到	i
1130	加长版	i
1131	正式版	i
1132	艾耐儿假发	i
1133	chocol	i
1134	法琳卡妮	i
1135	经济	i
1136	释放	i
1137	冲高回落	i
1138	乳癖消	i
1139	骨质增生	i
1140	Win	i
1141	伶仃洋	i
1142	开端	i
1143	仅供参考	i
1144	互联网	i
1145	EL的眼部精华	i
1146	恩京电话英语	i
1147	鹿灵子鹿胎膏	i
1148	美肤康片	i
1149	原因	i
1150	负面	i
1151	中公教育	i
1152	要	i
1153	中德植发	i
1154	出轨	i
1155	零点棋牌	i
1156	特性	i
1157	魔洁拔藓膏	i
1158	扭矩	i
1159	第四集	i
1160	凯芙琳GSE	i
1161	武汉华亚美容牙科	i
1162	会	i
1163	曝光	i
1164	造假	i
1165	厚道	i
1166	日前	i
1167	开锣	i
1168	售后	i
1169	GABKBVPS	i
1170	焦	i
1171	完美	i
1172	通知	i
1173	被	i
1174	开售	i
1175	淘宝网	i
1176	曲艺	i
1177	上海华美口腔医院	i
1178	金缕梅系列	i
1179	聚能离子乳奥康	i
1180	早期症状	i
1181	下半年	i
1182	海城	i
1183	面膜	i
1184	现在	i
1185	强	i
1186	克星	i
1187	换代产品	i
1188	贝佳斯绿泥面膜	i
1189	总经理	i
1190	继续下跌	i
1191	再次	i
1192	记录	i
1193	成都碧莲盛	i
1194	相约	i
1195	素	i
1196	经	i
1197	备战	i
1198	金	i
1199	医疗	i
1200	单词风暴官方网站	i
1201	矿物	i
1202	速览	i
1203	主义	i
1204	亿品扣网站	i
1205	沙龙	i
1206	vv	i
1207	二手车	i
1208	平台	i
1209	艾弗莎眼霜	i
1210	低开	i
1211	依旧	i
1212	意大利	i
1213	亚洲陶瓷商城	i
1214	运营商	i
1215	老人	i
1216	奥仁霜	i
1217	协议	i
1218	八一	i
1219	原蛋白肽	i
1220	办公室	i
1221	泌疣清组合	i
1222	毫安	i
1223	奔驰	i
1224	首发	i
1225	店铺	i
1226	攻略	i
1227	转发	i
1228	飞适定制	i
1229	流通	i
1230	机箱	i
1231	百度爆吧器	i
1232	用工	i
1233	客	i
1234	雨生红球藻精华	i
1235	饰	i
1236	雪佛兰	i
1237	天香百荷胶囊	i
1238	港	i
1239	联网	i
1240	淘福啦	i
1241	发卡银行	i
1242	莲	i
1243	巴比伦娱乐	i
1244	富盈十三张	i
1245	Nexus9	i
1246	驱动	i
1247	永春生活馆	i
1248	安痘园中药	i
1249	金融	i
1250	南非超级P57	i
1251	蔓妮韵草本瘦身贴	i
1252	中国人寿	i
1253	蕉	i
1254	世嘉	i
1255	参与	i
1256	年底	i
1257	杰西简	i
1258	伊维兰	i
1259	同时	i
1260	知识宝库考研社区	i
1261	防脱生发组合	i
1262	集合	i
1263	布洛芬	i
1264	新婷美胶囊	i
1265	米诺地尔	i
1266	康乌发香云茶	i
1267	多少	i
1268	统一	i
1269	网	i
1270	南京长江医院	i
1271	热销中	i
1272	败诉	i
1273	提供	i
1274	平印	i
1275	父母	i
1276	痘无痕祛痘组合	i
1277	立体	i
1278	菲	i
1279	婷	i
1280	香葱	i
1281	成立	i
1282	中医	i
1283	推出	i
1284	祛痘痕精油	i
1285	海报	i
1286	格兰玛弗兰	i
1287	大升网	i
1288	Skylake	i
1289	减产	i
1290	正面	i
1291	初期	i
1292	斯汀可林	i
1293	艾附囊肿贴	i
1294	瑞士NE美白茶	i
1295	高级	i
1296	更好地	i
1297	助您	i
1298	恋爱	i
1299	副部长	i
1300	北京德胜门医院	i
1301	红米	i
1302	恩美小肽胶原蛋白	i
1303	参保	i
1304	价格	i
1305	芝	i
1306	IBM	i
1307	创新	i
1308	草莓派论坛	i
1309	A级	i
1310	指数	i
1311	女足	i
1312	用	i
1313	滴滴	i
1314	皙肤泉	i
1315	开启	i
1316	美国肤妮佩蕾尔	i
1317	容研美	i
1318	足彩	i
1319	乐仕去黑套装	i
1320	核实	i
1321	纤手美发学校	i
1322	招募	i
1323	淘宝	i
1324	活泉	i
1325	花果山	i
1326	协会	i
1327	需求	i
1328	提醒	i
1329	伊朗	i
1330	仅	i
1331	蒙特卡罗	i
1332	夏天	i
1333	因	i
1334	优润益欧格	i
1335	秋	i
1336	通列宁胶囊	i
1337	竹林寺	i
1338	西安碧莲盛	i
1339	分析师	i
1340	中国白桦林小说网	i
1341	美联储	i
1342	旗舰版	i
1343	美白	i
1344	消息称	i
1345	祥林膏	i
1346	中期	i
1347	肝道芯缓释茶	i
1348	婷美减肥胶囊	i
1349	凤凰	i
1350	持股	i
1351	佟氏中医	i
1352	英语口语	i
1353	这个	i
1354	发展	i
1355	化身	i
1356	部委	i
1357	GL8	i
1358	玫瑰	i
1359	色	i
1360	asplit	i
1361	顶	i
1362	会员名	i
1363	痘乐仕官网	i
1364	齐兴堂狐臭膏	i
1365	就是	i
1366	瑾	i
1367	百福美胶原蛋白粉	i
1368	清	i
1369	美国的麦特宁	i
1370	指	i
1371	艾弗莎	i
1372	减肥有效方法	i
1373	完	i
1374	式	i
1375	ne瑞士丰胸茶	i
1376	引入	i
1377	替身	i
1378	办证	i
1379	期	i
1380	撞	i
1381	一点	i
1382	预购	i
1383	群	i
1384	胶囊	i
1385	美的	i
1386	二维码	i
1387	健	i
1388	澳门	i
1389	进步	i
1390	男子	i
1391	睿思博	i
1392	完肤油	i
1393	老炮儿	i
1394	免疫力	i
1395	加推	i
1396	图集	i
1397	总医院	i
1398	广西	i
1399	石家庄博大医院	i
1400	万豪证件	i
1401	胆	i
1402	甘肃	i
1403	伤疤	i
1404	争议	i
1405	白癜风	i
1406	电源	i
1407	老北京药糖	i
1408	本草	i
1409	白癜风治疗	i
1410	阵雨	i
1411	询价	i
1412	美国	i
1413	三防	i
1414	淘	i
1415	运动	i
1416	菜	i
1417	私募	i
1418	土豆系统	i
1419	海娜粉	i
1420	太原长城医院	i
1421	BiosuneGF	i
1422	商家	i
1423	城市	i
1424	较为	i
1425	测试	i
1426	单词风暴	i
1427	节能	i
1428	净香露	i
1429	建	i
1430	接骨木	i
1431	清新	i
1432	Lumi胶原蛋白	i
1433	抗皱霜	i
1434	拜力士	i
1435	需	i
1436	宝宝	i
1437	布局	i
1438	堪称	i
1439	安徽	i
1440	航班延误	i
1441	分钟	i
1442	助推	i
1443	债券	i
1444	健康1号	i
1445	继续	i
1446	特米网	i
1447	货源网	i
1448	管	i
1449	王道	i
1450	致命	i
1451	RS	i
1452	纯	i
1453	销售	i
1454	淘号	i
1455	高品质	i
1456	RE	i
1457	集团	i
1458	黑黛健康增发	i
1459	解难题	i
1460	契尔氏的小黄瓜水	i
1461	最强	i
1462	同期	i
1463	现售	i
1464	不忘	i
1465	作用	i
1466	证	i
1467	旅行	i
1468	落户	i
1469	领衔	i
1470	专业	i
1471	压	i
1472	连锁经营业	i
1473	华夷生发	i
1474	发	i
1475	受欢迎	i
1476	推动	i
1477	左誊灸	i
1478	塔罗藏降茶	i
1479	膏	i
1480	这	i
1481	招	i
1482	特色	i
1483	唐王氏祛疤膏	i
1484	锋范	i
1485	云	i
1486	用品	i
1487	蜗客网	i
1488	韩	i
1489	荷梅清脂	i
1490	恩美小肽胶原	i
1491	啦	i
1492	轮	i
1493	不得	i
1494	告别	i
1495	新婷美	i
1496	教育	i
1497	美姿秀	i
1498	乐知堂	i
1499	鱼胶	i
1500	谍照	i
1501	梦想	i
1502	环球娱乐	i
1503	大发麻将	i
1504	有	i
1505	最美	i
1506	小	i
1507	美	i
1508	任务	i
1509	狂	i
1510	P2P	i
1511	外卖	i
1512	科发源植发	i
1513	糖尿病并发症	i
1514	备胎	i
1515	小说	i
1516	供	i
1517	进行	i
1518	主打	i
1519	亮相	i
1520	信心	i
1521	官方网站	i
1522	语音	i
1523	建立	i
1524	高校	i
1525	绝对	i
1526	等(您	i
1527	防护	i
1528	悠语yoryu	i
1529	计划	i
1530	食物	i
1531	家	i
1532	充电	i
1533	纸	i
1534	食品安全	i
1535	探微	i
1536	丽克祛斑组合	i
1537	维C美白茶	i
1538	高薪	i
1539	传智播客	i
1540	观	i
1541	受贿案	i
1542	砖排养生茶	i
1543	配置	i
1544	摩尔	i
1545	屏	i
1546	唯一	i
1547	动漫	i
1548	上午	i
1549	街	i
1550	索尼	i
1551	付	i
1552	上升	i
1553	人数	i
1554	点石成金	i
1555	中药育发茶	i
1556	由于	i
1557	NPSS	i
1558	相机	i
1559	灵武	i
1560	10mm	i
1561	努比亚	i
1562	土豪娱乐	i
1563	尤文	i
1564	闪	i
1565	千瓦	i
1566	收盘价	i
1567	修	i
1568	尊敬	i
1569	凉神药糖	i
1570	要点	i
1571	商道直通车托管	i
1572	不可以	i
1573	怡口香莲清新茶	i
1574	汇编	i
1575	社区	i
1576	银河国际	i
1577	晶体	i
1578	欧润曼	i
1579	月	i
1580	胎儿	i
1581	夏季	i
1582	甬	i
1583	纪元养肝茶	i
1584	百福美	i
1585	功能方面	i
1586	苗方促发液	i
1587	防范	i
1588	焕肤韵fonor	i
1589	aisool	i
1590	缩阴	i
1591	豪博28杠	i
1592	资金	i
1593	线人	i
1594	北医三院植发	i
1595	业绩	i
1596	淘宝旺旺	i
1597	肤疥康	i
1598	在	i
1599	过敏性	i
1600	放缓	i
1601	数据显示	i
1602	患者	i
1603	跳水	i
1604	花	i
1605	宝贝	i
1606	发布	i
1607	惠而康祛痘无痕	i
1608	叶氏三通	i
1609	蓝牙耳机	i
1610	震荡	i
1611	纹	i
1612	缸	i
1613	去	i
1614	放弃	i
1615	建筑	i
1616	停用	i
1617	红素	i
1618	严重	i
1619	促	i
1620	喷	i
1621	医治	i
1622	首选	i
1623	堂胶原蛋白	i
1624	北京施恩中医	i
1625	规范	i
1626	行动	i
1627	扶梯	i
1628	塔利班	i
1629	新雅	i
1630	本科	i
1631	德玛依	i
1632	即将发布	i
1633	这款	i
1634	主力团	i
1635	统计显示	i
1636	商家地址	i
1637	此前	i
1638	大世界	i
1639		i
1640	毫	i
1641	艾碧丽诗	i
1642	路	i
1643	英	i
1644	直播	i
1645	皮卡	i
1646	都	i
1647	避孕	i
1648	百	i
1649	宝宝取名软件	i
1650	仪	i
1651	农发行	i
1652	不合理	i
1653	招聘	i
1654	世界	i
1655	驾驶	i
1656	国建清肺排毒烟	i
1657	静脉舒宁	i
1658	脂平消	i
1659	炒股	i
1660	丽塔祛痘茶	i
1661	官网	i
1662	思	i
1663	DS	i
1664	参赛	i
1665	帮助	i
1666	丰田	i
1667	奈美惠瘦身素	i
1668	现代	i
1669	智能手机	i
1670	中旬	i
1671	采露思	i
1672	greenburg	i
1673	负增长	i
1674	绞股蓝茶	i
1675	戴利	i
1676	宇泽原降酸茶	i
1677	医	i
1678	雅滋美特	i
1679	霸气	i
1680	难	i
1681	租借	i
1682	陷入	i
1683	海城市	i
1684	陈若琳	i
1685	阴	i
1686	创伤	i
1687	品种	i
1688	北医三院植发中心	i
1689	活肤组	i
1690	艾弗莎抗皱眼霜	i
1691	宁波	i
1692	勇者奇兵	i
1693	世纪开元网	i
1694	作品	i
1695	还	i
1696	异国情调	i
1697	热身赛	i
1698	整治	i
1699	照	i
1700	险	i
1701	遭拒	i
1702	名动天下宝宝起名	i
1703	o菲胶囊	i
1704	除了	i
1705	小吃	i
1706	甘道芯缓释	i
1707	综合	i
1708	乌师发宝	i
1709	透视	i
1710	卓越扎金花	i
1711	宝马	i
1712	中方	i
1713	强磁乳	i
1714	长	i
1715	图	i
1716	皮肤病血毒丸	i
1717	娱乐城	i
1718	国足	i
1719	多恩	i
1720	魔法医生	i
1721	杭州星空	i
1722	骏	i
1723	资本孵化	i
1724	疑	i
1725	舒尼通前列胶囊	i
1726	万元	i
1727	刘氏黑发	i
1728	妮	i
1729	禾润坊	i
1730	食品	i
1731	马记鹿胎胶囊	i
1732	水漾透明质酸原液	i
1733	活动	i
1734	简约	i
1735	最大	i
1736	使得	i
1737	菲胶囊	i
1738	地方	i
1739	避暑	i
1740	敏感	i
1741	海伦娜斯胶原蛋白	i
1742	炼	i
1743	讲座	i
1744	旅游	i
1745	军营	i
1746	乌发	i
1747	全市	i
1748	白牙	i
1749	古汉草本育发茶	i
1750	LF-LC	i
1751	wizbee	i
1752	安娜	i
1753	杠	i
1754	每日	i
1755	预装	i
1756	上海华美医院	i
1757	口	i
1758	千丝飞扬	i
1759	梭哈	i
1760	三年	i
1761	无限极	i
1762	特	i
1763	瘦身	i
1764	拟	i
1765	广角镜头	i
1766	例如	i
1767	质感	i
1768	Angel	i
1769	不如	i
1770	这次	i
1771	分隔符	i
1772	咨询电话	i
1773	想	i
1774	特米网团购	i
1775	土鸡	i
1776	工业	i
1777	护发吧头发养护网	i
1778	口碑	i
1779	直接	i
1780	关于	i
1781	电话	i
1782	需要	i
1783	罗浮山蜂蜜网	i
1784	毛囊细胞再生素	i
1785	家用	i
1786	格儿	i
1787	高一	i
1788	利德装饰	i
1789	水晶面膜	i
1790	变形记	i
1791	高清	i
1792	行为学	i
1793	运动会	i
1794	家电	i
1795	鄂尔多斯	i
1796	月月瘦网	i
1797	生理	i
1798	唑腾灸	i
1799	六折	i
1800	中招	i
1801	配备	i
1802	高温	i
1803	豆颜净黄金组合	i
1804	应战	i
1805	汉唐咨询	i
1806	朋友	i
1807	中文版	i
1808	京	i
1809	银屑灵换肤组合	i
1810	硬件	i
1811	旅行社	i
1812	舒友阁	i
1813	体验	i
1814	越来越	i
1815	市场	i
1816	正安散	i
1817	桃	i
1818	头晕	i
1819	机身	i
1820	先生	i
1821	项目	i
1822	稳中略	i
1823	北京邮电大学	i
1824	惠普	i
1825	转型	i
1826	美国高飞	i
1827	美国盈雅盼朗思	i
1828	筑牢	i
1829	单	i
1830	金百合痛经贴	i
1831	工人	i
1832	节舒康软胶囊	i
1833	娜菲尔时尚假发	i
1834	诚	i
1835	平均	i
1836	样机	i
1837	亿家易购网	i
1838	烟台建材网	i
1839	五洲医院口腔	i
1840	空军医院	i
1841	部	i
1842	胸怀	i
1843	只	i
1844	补丁	i
1845	们	i
1846	NE减肥茶	i
1847	研发	i
1848	纽瑞滋	i
1849	姿	i
1850	娜塔美白茶	i
1851	她	i
1852	马铃薯	i
1853	美大集成灶	i
1854	胶原	i
1855	多种	i
1856	重大	i
1857	膜法	i
1858	QQ群	i
1859	搭配	i
1860	皮肤	i
1861	ne祛斑茶	i
1862	湖南	i
1863	依薇儿	i
1864	投资	i
1865	下饭	i
1866	发霜	i
1867	锐	i
1868	本草香妆印疤霜	i
1869	相对	i
1870	下降	i
1871	韩风美橱旗舰店	i
1872	专车	i
1873	获批	i
1874	新拍网	i
1875	新书速递	i
1876	空城	i
1877	长沙	i
1878	亚马逊	i
1879	奥乐V儿童护牙剂	i
1880	玻	i
1881	基础	i
1882	讯	i
1883	维拉至美胶原蛋白	i
1884	科威	i
1885	工作	i
1886	座椅	i
1887	求百度刷粉器	i
1888	德	i
1889	增发	i
1890	PLUS	i
1891	美国芝痘采露思	i
1892	美国优梦韵欧吉	i
1893	全新	i
1894	县	i
1895	一样	i
1896	稳定	i
1897	智慧	i
1898	广告大片	i
1899	葆	i
1900	葆莼洁发霜	i
1901	江城皮肤科治	i
1902	脱毛	i
1903	霉素	i
1904	曝	i
1905	白发	i
1906	特效	i
1907	丢了	i
1908	有奖转发	i
1909	全	i
1910	买房	i
1911	平直	i
1912	昆明博大医院	i
1913	数	i
1914	至	i
1915	举行	i
1916	仕	i
1917	论文网	i
1918	照明	i
1919	漾	i
1920	国	i
1921	将军娱乐	i
1922	统计	i
1923	可贝尔眼纹消	i
1924	谁	i
1925	管理办法	i
1926	日韩	i
1927	卡车	i
1928	车改	i
1929	把	i
1930	新增	i
1931	孙红雷	i
1932	向	i
1933	彩票	i
1934	父亲	i
1935	导入	i
1936	希泊妮血红素	i
1937	带来	i
1938	众	i
1939	地下	i
1940	梵素网	i
1941	盛大开放	i
1942	威特刚	i
1943	昨日	i
1944	沪铜	i
1945	眼舒蒸润宝	i
1946	红	i
1947	左晓明	i
1948	检查	i
1949	快高增高胶囊	i
1950	电影图片爽	i
1951	分区	i
1952	联系地址	i
1953	中	i
1954	大会	i
1955	千年活骨膏	i
1956	新	i
1957	厂家	i
1958	康帮网	i
1959	Levante	i
1960	美纤榜	i
1961	托尼盖	i
1962	肤美达	i
1963	画	i
1964	香港步行街网址	i
1965	核心	i
1966	lin弗斯隆	i
1967	碧莲盛官网	i
1968	流畅	i
1969	评	i
1970	翌	i
1971	风	i
1972	广州博美整形医院	i
1973	西安友爱医院	i
1974	姿美堂	i
1975	飞行员	i
1976	百福美美白	i
1977	可升级	i
1978	捷豹	i
1979	赫尔克静电离子贴	i
1980	婆媳	i
1981	事故	i
1982	红十字	i
1983	英语	i
1984	度	i
1985	梵素祛毛	i
1986	御泥访	i
1987	夺金	i
1988	葱	i
1989	甲	i
1990	瘦mm	i
1991	青岛鸿聚	i
1992	美高梅网上娱乐城	i
1993	多头	i
1994	带有	i
1995	白	i
1996	优惠	i
1997	动漫网0088	i
1998	旨日清缓释茶	i
1999	一	i
2000	成就	i
2001	赫斯停靓丽祛斑	i
2002	英国疤玛葆欧利	i
2003	掉	i
2004	和记娱乐	i
2005	山东	i
2006	牙宣散	i
2007	途	i
2008	活该	i
2009	梵素祛皱套装	i
2010	正规	i
2011	设备	i
2012	海文	i
2013	上海天大整形医院	i
2014	要知道	i
2015	化解	i
2016	几率	i
2017	玩	i
2018	享	i
2019	宋城	i
2020	牙齿黄金	i
2021	选择	i
2022	芳	i
2023	盘点	i
2024	尚品兰芝专卖	i
2025	都市激情人体艺术	i
2026	今日	i
2027	玫瑰精油	i
2028	乐易网	i
2029	必备	i
2030	塑峰堂网	i
2031	平疤	i
2032	SHOWL	i
2033	宫美秀复原组合	i
2034	黑色	i
2035	争端	i
2036	调养	i
2037	杆	i
2038	活动期间	i
2039	护肤	i
2040	山东航博	i
2041	兄弟娱乐	i
2042	非法	i
2043	绿多维胶囊	i
2044	菲丝丽妮祛斑产品	i
2045	角度	i
2046	汽车	i
2047	邀请公测	i
2048	宏	i
2049	套餐	i
2050	洗衣机	i
2051	显卡	i
2052	优亭康	i
2053	效率	i
2054	京东商城	i
2055	3D溜溜网	i
2056	润否商城	i
2057	AD收腹运动机	i
2058	佳能	i
2059	同比增长	i
2060	价位	i
2061	媒体	i
2062	疱无忧	i
2063	AA动漫店	i
2064	维塔减肥茶	i
2065	螨婷洁面乳	i
2066	小伙	i
2067	斯琳美	i
2068	对	i
2069	养血生发胶囊	i
2070	瘦身茶	i
2071	帝豪	i
2072	企	i
2073	爱美知道平台	i
2074	还有	i
2075	桌面	i
2076	软胶囊	i
2077	阿富汗	i
2078	按	i
2079	经营	i
2080	特米团购	i
2081	膜法世家	i
2082	主场	i
2083	祛疤膏	i
2084	狄仁杰	i
2085	涉嫌	i
2086	旺旺	i
2087	清楚	i
2088	分数线	i
2089	电视	i
2090	恢复液	i
2091	广东	i
2092	游戏	i
2093	吧	i
2094	88790	i
2095	动	i
2096	音箱	i
2097	国健清肺排毒烟	i
2098	波克城市	i
2099	犹存	i
2100	tlenbont	i
2101	梵素祛红套装	i
2102	伊美尔加禾植发	i
2103	碧莲盛植发官网	i
2104	文物	i
2105	编辑点评	i
2106	什	i
2107	现金	i
2108	宝网	i
2109	胆清强磁贴	i
2110	进气	i
2111	草	i
2112	扶贫	i
2113	销量	i
2114	笛芙祛痘	i
2115	乌梅生地绿豆糕	i
2116	键盘	i
2117	最之味	i
2118	珠海	i
2119	库尔勒	i
2120	美国的姐舒艾鲁娅	i
2121	保障	i
2122	面板	i
2123	马力	i
2124	游戏库	i
2125	青春瘦减肥胶囊	i
2126	历史	i
2127	祛皱眼贴	i
2128	建成	i
2129	脂	i
2130	地板	i
2131	座谈会	i
2132	东方	i
2133	西安指南针教育	i
2134	三菱	i
2135	湿宁乐	i
2136	津兰佩瑞德	i
2137	张力军	i
2138	win10	i
2139	登	i
2140	委	i
2141	抢先看	i
2142	评测	i
2143	参观	i
2144	A3	i
2145	华山医院	i
2146	福	i
2147	国人	i
2148	拆迁	i
2149	国产	i
2150	空间	i
2151	乳安贴771j	i
2152	皇冠网	i
2153	手游	i
2154	MacBook	i
2155	大涨	i
2156	出行	i
2157	张	i
2158	头疼	i
2159	蜜桃谷情趣网	i
2160	文史	i
2161	瘦	i
2162	单机	i
2163	预订	i
2164	保养	i
2165	古方斑秃再生液	i
2166	小游戏	i
2167	复发	i
2168	娜丽丝优物语清痘	i
2169	创业	i
2170	将推	i
2171	小宝	i
2172	郑梦准	i
2173	BOTOX	i
2174	闪耀	i
2175	求	i
2176	装	i
2177	日用	i
2178	肤净紫丹组合	i
2179	法拉利	i
2180	VITEA	i
2181	欧泉琳祛痘	i
2182	丽塔美白茶	i
2183	深夜	i
2184	中小型	i
2185	辅导王	i
2186	超凡知识产权	i
2187	电影网	i
2188	叶参根一口香	i
2189	爱上	i
2190	蓝	i
2191	揭秘	i
2192	TheBodyShop	i
2193	法院	i
2194	LED	i
2195	甘本青养肝缓释茶	i
2196	诈金花	i
2197	开辟绿色通道	i
2198	特米淘宝热卖	i
2199	也敢	i
2200	毫米	i
2201	斯尼	i
2202	特米团购大全	i
2203	反腐	i
2204	并	i
2205	大跌	i
2206	成都站	i
2207	Z褪红组合	i
2208	并没有	i
2209	USB	i
2210	百利宫娱乐	i
2211	主板	i
2212	琳弗斯隆	i
2213	控油	i
2214	永定	i
2215	葆莼本草洁发霜	i
2216	先到先得	i
2217	试玩	i
2218	洗	i
2219	潘魅斯乳霜	i
2220	昌	i
2221	安全第一	i
2222	香榭丽的胶原蛋白	i
2223	感	i
2224	紫癜	i
2225	说好	i
2226	还是	i
2227	信德国际鱼乐	i
2228	利	i
2229	恢复	i
2230	凝胶	i
2231	美国姐挺柏M思	i
2232	永利高娱乐场	i
2233	菩	i
2234	续航	i
2235	钥匙	i
2236	拆车	i
2237	明珠国际娱乐	i
2238	期货	i
2239	登上	i
2240	澳肤美	i
2241	之素	i
2242	儿	i
2243	法国	i
2244	文化	i
2245	正牙网	i
2246	日月	i
2247	主机	i
2248	惊	i
2249	服用	i
2250	寻找	i
2251	爷爷	i
2252	精彩	i
2253	卡莎迪亚鲜面膜	i
2254	新多防盗门	i
2255	不可方物	i
2256	唯净珀琳诗欧莱雅	i
2257	他	i
2258	补贴	i
2259	最高	i
2260	462	i
2261	倩影蔬果	i
2262	刻刻瘦专栏	i
2263	五谷磨房	i
2264	季	i
2265	名将	i
2266	田间管理	i
2267	方式	i
2268	情绪	i
2269	物	i
2270	逆转	i
2271	四核	i
2272	新乡仁爱医院	i
2273	郑州	i
2274	电梯	i
2275	德丽斯康	i
2276	致	i
2277	韩国欣腹美官网	i
2278	论坛	i
2279	接骨木眼霜	i
2280	寸	i
2281	淘汰	i
2282	舒盈祛痘	i
2283	美国人	i
2284	送礼	i
2285	上榜	i
2286	退	i
2287	外观	i
2288	传感器	i
2289	拔毒膏	i
2290	郜林	i
2291	社会责任	i
2292	通过	i
2293	凌晨	i
2294	发放	i
2295	华特	i
2296	且	i
2297	海图	i
2298	悬挂	i
2299	星期八职场经验网	i
2300	1080P	i
2301	娜	i
2302	倩姿网	i
2303	取长补短	i
2304	板实	i
2305	性能提升	i
2306	系列	i
2307	已知	i
2308	经销商地址	i
2309	保湿	i
2310	养	i
2311	总统	i
2312	键	i
2313	国内	i
2314	荡妇影院	i
2315	癣根净	i
2316	金诺芬	i
2317	博士排毒烟	i
2318	方	i
2319	1080p	i
2320	芝元的雪康组合	i
2321	亿	i
2322	派	i
2323	乐陶网	i
2324	拍照	i
2325	附	i
2326	有暇网	i
2327	锦标赛	i
2328	不断	i
2329	开测	i
2330	显示屏	i
2331	第五代代理	i
2332	小儿	i
2333	降价	i
2334	音效	i
2335	余额	i
2336	胶原蛋白粉	i
2337	仪表盘	i
2338	感兴趣	i
2339	鼠标	i
2340	首次	i
2341	换	i
2342	家美乐	i
2343	网站	i
2344	Garmin	i
2345	超大	i
2346	一马	i
2347	莱康糖宁组合	i
2348	披露	i
2349	关注	i
2350	念	i
2351	年	i
2352	受追捧	i
2353	做工	i
2354	损伤	i
2355	疾病	i
2356	联发科	i
2357	邀	i
2358	吃	i
2359	蜜丝佛陀	i
2360	的	i
2361	娇	i
2362	六合彩	i
2363	媒体报道	i
2364	顽疾	i
2365	游戏区	i
2366	五金	i
2367	转	i
2368	爱美平台	i
2369	锁芯	i
2370	美达	i
2371	植木方	i
2372	聪聪滴耳油	i
2373	耐克授权折扣店	i
2374	净痘	i
2375	企业级	i
2376	雪佳妮斑霜	i
2377	最低价	i
2378	莫过于	i
2379	王氏增高	i
2380	上海江城皮肤科	i
2381	抄底	i
2382	高职	i
2383	加禾植发医院	i
2384	鄞	i
2385	原液	i
2386	州	i
2387	贝兴牌左旋肉减碱	i
2388	初学者之路	i
2389	最新	i
2390	幕后	i
2391	元/平米	i
2392	牙齿	i
2393	砖牌养生茶	i
2394	改	i
2395	金缕梅	i
2396	缘何	i
2397	武警云南边防总队	i
2398	羽瑾祛痘活肤凝胶	i
2399	参	i
2400	预告	i
2401	雄	i
2402	并未	i
2403	洗牌	i
2404	爱牙网	i
2405	季度	i
2406	Xbox	i
2407	芝元高一点	i
2408	想象	i
2409	风格	i
2410	再现	i
2411	设置	i
2412	之间	i
2413	上海万众口腔	i
2414	城	i
2415	不改	i
2416	叶参根育发茶	i
2417	小冰	i
2418	怎么	i
2419	司机	i
2420	华泰鱼乐	i
2421	来	i
2422	低于	i
2423	触	i
2424	上海宏康整形医院	i
2425	斯巴鲁	i
2426	迪	i
2427	金牌	i
2428	现场	i
2429	米	i
2430	手台	i
2431	更加	i
2432	温肾清肺汤	i
2433	法规	i
2434	高新植发	i
2435	大牌	i
2436	三严	i
2437	日日娇嫩红素	i
2438	控制	i
2439	经销商	i
2440	财经	i
2441	Yoga	i
2442	理疗	i
2443	威海国安医院	i
2444	出货量	i
2445	FRAIS左旋	i
2446	爱装网	i
2447	散	i
2448	宝	i
2449	凯美瑞	i
2450	演	i
2451	钙	i
2452	优博娱乐城	i
2453	价值	i
2454	反弹	i
2455	实际	i
2456	高开	i
2457	股	i
2458	甘肃省	i
2459	汉唐ICP	i
2460	低位	i
2461	花之语	i
2462	增长	i
2463	广美整形医院	i
2464	51爱美网	i
2465	个	i
2466	作为	i
2467	之后	i
2468	netea美白茶	i
2469	能治愈	i
2470	进口	i
2471	苹果	i
2472	雷托皮康	i
2473	热线	i
2474	法国斯美医生祛斑	i
2475	达尼疤痕霜	i
2476	厕所	i
2477	颐和	i
2478	究竟	i
2479	HC360度	i
2480	规格参数	i
2481	促销	i
2482	雅	i
2483	Intel	i
2484	篇	i
2485	养发滋荣汤	i
2486	汽油	i
2487	拍	i
2488	柏	i
2489	欣荣客房	i
2490	整车	i
2491	诚聘	i
2492	洗发	i
2493	美乳	i
2494	腰椎	i
2495	个股	i
2496	易购通	i
2497	御宝龙珍	i
2498	资讯	i
2499	佰纳吉	i
2500	饰品	i
2501	整形医院	i
2502	证券投资基金	i
2503	保险	i
2504	莱思蒂	i
2505	艾壁丽诗祛斑	i
2506	纳米防脱生发露	i
2507	嘹亮绿袍散	i
2508	轩	i
2509	易发棋牌游戏	i
2510	官方	i
2511	久久易购商城	i
2512	高非特	i
2513	意外	i
2514	智	i
2515	送	i
2516	乌灵胶囊	i
2517	火爆	i
2518	福彩	i
2519	领	i
2520	交警	i
2521	医生	i
2522	技嘉	i
2523	疯狂	i
2524	夜视	i
2525	医院	i
2526	真玑泉	i
2527	等你来	i
2528	微星	i
2529	有所	i
2530	支付宝	i
2531	预售	i
2532	玻璃	i
2533	抢	i
2534	强效印疤修复霜	i
2535	欧	i
2536	梦	i
2537	涨	i
2538	聚焦	i
2539	李治廷	i
2540	乳	i
2541	股民	i
2542	益母草	i
2543	知道狂发链接软件	i
2544	汉堡	i
2545	现身	i
2546	保修	i
2547	上海松丰齿科	i
2548	回归	i
2549	净	i
2550	易发游戏	i
2551	80后	i
2552	广州新时代医院	i
2553	车祸	i
2554	才	i
2555	擎	i
2556	上行	i
2557	肤	i
2558	魅力女生商贸	i
2559	初心	i
2560	群众	i
2561	尔择宝	i
2562	贷款	i
2563	祛	i
2564	个性	i
2565	超频	i
2566	锦唐御制骨痛贴	i
2567	频频	i
2568	表盘	i
2569	辅助	i
2570	成人用品	i
2571	跨	i
2572	八	i
2573	降低	i
2574	应当	i
2575	称	i
2576	芝元倍健	i
2577	百福美的	i
2578	丝卡尔	i
2579	抗旱	i
2580	雷公藤风湿神贴	i
2581	倒塌	i
2582	郭伯雄	i
2583	五星货源网	i
2584	左旋	i
2585	比较	i
2586	使	i
2587	上档	i
2588	瑞士丰胸茶	i
2589	输出	i
2590	肌肤	i
2591	30秒预约开户	i
2592	1300	i
2593	各	i
2594	药妆	i
2595	什么	i
2596	流溪河	i
2597	而	i
2598	万余	i
2599	优润益欧格舒畅茶	i
2600	点易通网络电话	i
2601	淘众福	i
2602	福利鞋堂	i
2603	气	i
2604	塔娜美白茶	i
2605	化	i
2606	无论	i
2607	鸿运起名	i
2608	考虑	i
2609	电商	i
2610	美女图片	i
2611	新服	i
2612	内置	i
2613	三大件	i
2614	色人居成人	i
2615	百度搜豪情天赐	i
2616	新机	i
2617	玉米	i
2618	美国津兰佩瑞德	i
2619	仁爱	i
2620	FRAIS	i
2621	纳	i
2622	中山	i
2623	只有	i
2624	茶	i
2625	减肥VITEA茶	i
2626	格	i
2627	优发阿佩斯	i
2628	基本	i
2629	Lavida	i
2630	翌生美胶原蛋白粉	i
2631	雪彦茶	i
2632	yy月票	i
2633	精英	i
2634	靓腹美	i
2635	爱色军团	i
2636	党心	i
2637	洁面乳	i
2638	卖	i
2639	飞顿激光公司	i
2640	无证	i
2641	日	i
2642	生发茶疗	i
2643	早期	i
2644	武	i
2645	山特	i
2646	型	i
2647	伊笑堂	i
2648	防空	i
2649	俄罗斯	i
2650	医圣暖宫贴	i
2651	IPS	i
2652	华通	i
2653	洁白	i
2654	激活	i
2655	槽	i
2656	硬件玩家	i
2657	妊娠纹	i
2658	双蛇塞窿御骨组合	i
2659	诗e兰蕊瘦脸精油	i
2660	茶茶	i
2661	神舟	i
2662	语	i
2663	日本的眼舒蒸润宝	i
2664	电影节	i
2665	肌	i
2666	武汉碧莲盛	i
2667	盗版	i
2668	高通	i
2669	海藻糖渗透	i
2670	俪保姿	i
2671	双冠王	i
2672	颜	i
2673	输入	i
2674	黄金	i
2675	瓷肌祛斑产品	i
2676	后置	i
2677	排行榜	i
2678	能够	i
2679	上海华美整形医院	i
2680	海外	i
2681	口语测试	i
2682	BMW	i
2683	韬光养晦	i
2684	农药	i
2685	预防	i
2686	吸气	i
2687	达	i
2688	十	i
2689	顺利	i
2690	新嘉华	i
2691	8度饮	i
2692	芝元保肝灵	i
2693	销售热线	i
2694	整形	i
2695	问题	i
2696	契尔氏	i
2697	今夏	i
2698	有意	i
2699	腐败	i
2700	大灯	i
2701	海	i
2702	COPZJ	i
2703	冰海泥发膜	i
2704	ES	i
2705	谈情	i
2706	觅琳卿组合	i
2707	同心	i
2708	贝尔	i
2709	雪菲祛斑	i
2710	立博百人牛牛	i
2711	伊美尔	i
2712	六	i
2713	指纹	i
2714	灭滴灵	i
2715	吉利	i
2716	同志	i
2717	资格	i
2718	穿衣	i
2719	拥军	i
2720	平	i
2721	赠票	i
2722	新纤姿荷叶瘦身网	i
2723	制造	i
2724	蓟县佳人医院数字	i
2725	纸质	i
2726	露千儿	i
2727	金易健	i
2728	志强国际	i
2729	照顾	i
2730	巧克瘦身茶	i
2731	明	i
2732	天天	i
2733	纤秀	i
2734	荫	i
2735	开业	i
2736	汉语桥	i
2737	时空网	i
2738	fancl	i
2739	用车	i
2740	印	i
2741	存在	i
2742	妻子	i
2743	比赛	i
2744	亩	i
2745	银行	i
2746	玩家心情	i
2747	世纪雅思	i
2748	磷酸酯	i
2749	经济增长	i
2750	暑假	i
2751	维拉至美	i
2752	搭载	i
2753	豪宅	i
2754	携	i
2755	X7	i
2756	运行	i
2757	首页	i
2758	颁布	i
2759	公布	i
2760	职务	i
2761	进军	i
2762	亿品扣网	i
2763	届	i
2764	哈弗	i
2765	迎来	i
2766	景气指数	i
2767	整形外科	i
2768	博	i
2769	巴哈马	i
2770	法	i
2771	整合	i
2772	黑膏药	i
2773	享淘网	i
2774	残骸	i
2775	配方	i
2776	透明	i
2777	伊美尚品	i
2778	启动	i
2779	山高	i
2780	汪	i
2781	热	i
2782	中国心	i
2783	金属	i
2784	寻求	i
2785	现象	i
2786	构建	i
2787	清肺仪	i
2788	芝元巢梳安	i
2789	大量	i
2790	绿豆	i
2791	衢州	i
2792	明治氨基胶原	i
2793	楼	i
2794	稳定增长	i
2795	秀丽	i
2796	奔腾	i
2797	同级	i
2798	肤达尼疤痕霜	i
2799	心思	i
2800	羽瑾祛痘组合装	i
2801	乞丐	i
2802	很	i
2803	手动	i
2804	耍	i
2805	中科院	i
2806	阳光	i
2807	第十期	i
2808	超高	i
2809	东风	i
2810	前脸	i
2811	中工	i
2812	愿意	i
2813	美白汤	i
2814	止鼾器	i
2815	营	i
2816	斤	i
2817	十大	i
2818	法国法兰妮娅	i
2819	沪	i
2820	烛光止鼾器	i
2821	升级	i
2822	锅内	i
2823	口语	i
2824	尼奥斯普	i
2825	腰背	i
2826	进入	i
2827	伟大	i
2828	欧甘娜有机护肤品	i
2829	李嘉欣	i
2830	股东	i
2831	薇丝露	i
2832	网上和记	i
2833	双色球	i
2834	元/人	i
2835	大关	i
2836	关键时刻	i
2837	高配	i
2838	不是	i
2839	基金发行	i
2840	习惯	i
2841	等等	i
2842	项	i
2843	体	i
2844	棒	i
2845	捉妖记	i
2846	解放	i
2847	平行	i
2848	博爱	i
2849	织	i
2850	影像	i
2851	纤	i
2852	黛依美	i
2853	万亿	i
2854	遭	i
2855	万人	i
2856	芝痘采露思	i
2857	倩影瘦身蔬果减肥	i
2858	羊胎素	i
2859	上海HC360	i
2860	慷	i
2861	铁腕	i
2862	死	i
2863	珍丝柏美白	i
2864	蔬果健康瘦身产品	i
2865	瘦身胶囊百合	i
2866	威胁	i
2867	美宫净	i
2868	富盈28杠	i
2869	来自	i
2870	换B级	i
2871	黏度	i
2872	Note3	i
2873	首邦生发	i
2874	爽口乐组合	i
2875	兰桂坊娱乐	i
2876	通话	i
2877	左旋咖啡	i
2878	BB霜	i
2879	和记娱乐城	i
2880	厦门行易足踝专家	i
2881	大拇指旅游网	i
2882	森林公园	i
2883	汽车金融	i
2884	研究所	i
2885	蛋白粉	i
2886	融资	i
2887	设定	i
2888	跌幅	i
2889	一带	i
2890	西安友豪医院	i
2891	产	i
2892	淘宝增高药排行榜	i
2893	汇总	i
2894	南海	i
2895	激活码	i
2896	上涨	i
2897	提升	i
2898	阅读	i
2899	收	i
2900	类型	i
2901	朵	i
2902	治	i
2903	挺	i
2904	内饰	i
2905	知道	i
2906	华泰娱乐	i
2907	如此	i
2908	魅族	i
2909	央行	i
2910	健身	i
2911	增速	i
2912	活肤乳液	i
2913	纤纤	i
2914	院士	i
2915	跑	i
2916	中国	i
2917	确定	i
2918	洁克美白牙粉	i
2919	全景	i
2920	盗	i
2921	美女修身馆	i
2922	竟	i
2923	汉方豆蔻茶	i
2924	通讯	i
2925	参加	i
2926	政治局	i
2927	新宣传片	i
2928	表	i
2929	睿	i
2930	遗传	i
2931	网络	i
2932	壳	i
2933	上路	i
2934	搜索	i
2935	阿	i
2936	梦幻韩妆	i
2937	时尚	i
2938	交互	i
2939	白大夫祛斑净白	i
2940	芋胶	i
2941	锁	i
2942	下月	i
2943	包	i
2944	碰碰车	i
2945	天线	i
2946	颈	i
2947	表现	i
2948	赫斯停靓丽	i
2949	沪深	i
2950	亿玛客	i
2951	华山	i
2952	刷信誉网	i
2953	珍妃鹿胎膏	i
2954	出台	i
2955	润之尔康乌发香云	i
2956	黄	i
2957	某某	i
2958	到货商家	i
2959	扫货	i
2960	尽易健松花粉胶囊	i
2961	润	i
2962	机构	i
2963	中海智库	i
2964	谓崧茶	i
2965	歧视	i
2966	菲亚特	i
2967	圣贝	i
2968	特惠	i
2969	抑菌	i
2970	为媒	i
2971	朗逸	i
2972	有望	i
2973	克林霉素	i
2974	家家暖电热水龙头	i
2975	91UP	i
2976	左旋360	i
2977	理疗贴	i
2978	淘瞳网	i
2979	卡斯琳	i
2980	安痘园	i
2981	御淑堂	i
2982	风水	i
2983	益友团购网	i
2984	沈阳金桥医院	i
2985	影城	i
2986	治疗	i
2987	车展	i
2988	实现	i
2989	开店代理软件	i
2990	可以	i
2991	上海	i
2992	副	i
2993	公主	i
2994	机柜	i
2995	高翔牙科	i
2996	广告	i
2997	时	i
2998	胸	i
2999	上海市	i
3000	年报	i
3001	上架	i
3002	单元	i
3003	痘	i
3004	方向盘	i
3005	999祛痘灵	i
3006	编织	i
3007	两性关系	i
3008	斋	i
3009	石家庄	i
3010	信息	i
3011	哈尔滨	i
3012	海康	i
3013	慢性	i
3014	力帆	i
3015	不能	i
3016	carena	i
3017	有奖	i
3018	文峰医院	i
3019	成本	i
3020	外观设计	i
3021	电影院	i
3022	邀请公测|赠票	i
3023	出版	i
3024	侧	i
3025	对于	i
3026	横	i
3027	特益菌	i
3028	百度骚导航	i
3029	借钱	i
3030	对比	i
3031	平复膏	i
3032	思亲肤	i
3033	妈咪瘦	i
3034	姚记娱乐	i
3035	手机品牌	i
3036	脸	i
3037	美容淡斑纤体	i
3038	博之道	i
3039	大型	i
3040	似	i
3041	访	i
3042	提前	i
3043	品	i
3044	纤瘦榜	i
3045	立博单机梭哈	i
3046	射手	i
3047	应对	i
3048	幼儿	i
3049	鼎盛	i
3050	江城皮肤科	i
3051	政策	i
3052	扎金花游戏	i
3053	烟台热线	i
3054	肾功能	i
3055	受伤	i
3056	香消玉殒	i
3057	信息时报	i
3058	农林牧渔	i
3059	速成	i
3060	博彩	i
3061	臣	i
3062	那么	i
3063	若	i
3064	鹿灵子的鹿胎膏	i
3065	天网	i
3066	首个	i
3067	常见	i
3068	母草	i
3069	可	i
3070	时时价比价网	i
3071	设立	i
3072	smart	i
3073	添	i
3074	份	i
3075	爱手爱脚丫	i
3076	青少年	i
3077	雷凌	i
3078	盛	i
3079	阿特	i
3080	维塔减减肥茶	i
3081	伊美尔官网	i
3082	总队	i
3083	夏日	i
3084	魔女	i
3085	复合	i
3086	医学院	i
3087	价钱	i
3088	首付	i
3089	本期	i
3090	德国	i
3091	过程	i
3092	增	i
3093	生活	i
3094	真机	i
3095	今年	i
3096	味	i
3097	免税店	i
3098	那些	i
3099	科技	i
3100	爱妮少儿英语乐园	i
3101	动漫网	i
3102	丝诺萄减肥胶囊	i
3103	联手	i
3104	完成	i
3105	活	i
3106	济南金英杰	i
3107	很大	i
3108	布拉格	i
3109	英镑	i
3110	只能	i
3111	元	i
3112	实力	i
3113	避孕药	i
3114	京城国际娱乐	i
3115	玛丽安娜胶原蛋白	i
3116	折射	i
3117	领域	i
3118	庆节瘦脸霜	i
3119	满足	i
3120	比	i
3121	原装	i
3122	农产品	i
3123	乔莎倍润修护眼霜	i
3124	大礼包	i
3125	到位	i
3126	交易策略	i
3127	皮革	i
3128	中信证券	i
3129	特米团	i
3130	Z170	i
3131	清爽	i
3132	女	i
3133	在于	i
3134	瑞士美白茶	i
3135	洁净	i
3136	超市	i
3137	要求	i
3138	清凉	i
3139	凯芙琳水果祛痘	i
3140	维多利亚娱乐	i
3141	参数价格	i
3142	广州空军	i
3143	柏龄祛痘组合	i
3144	首测	i
3145	萌	i
3146	双花中药洗发露	i
3147	胶	i
3148	烧烤	i
3149	发挥	i
3150	内存	i
3151	牙科	i
3152	刘	i
3153	分众传媒	i
3154	级别	i
3155	炫美活发生发水	i
3156	抗战	i
3157	难题	i
3158	姐舒艾鲁娅	i
3159	新茶	i
3160	曾华倩	i
3161	让	i
3162	购物返现网	i
3163	残忍	i
3164	套机	i
3165	量产	i
3166	瑞士娱乐	i
3167	阿里	i
3168	眼部	i
3169	盾狐克	i
3170	生产	i
3171	蔻乐匙	i
3172	解惑	i
3173	牛皮	i
3174	款	i
3175	诱发	i
3176	On	i
3177	芝远曹舒安	i
3178	上海华美植发医院	i
3179	画幅	i
3180	德丽斯康胶原蛋白	i
3181	天山	i
3182	投影	i
3183	爆棚	i
3184	高铁	i
3185	魔豆自然瘦	i
3186	呼吸	i
3187	近	i
3188	口溃清	i
3189	晶	i
3190	明珠国际娱乐城	i
3191	米奇第四色	i
3192	润之尔康怡	i
3193	中德植发医院	i
3194	芝元雪康组合	i
3195	特惠活动	i
3196	装置	i
3197	定制	i
3198	车	i
3199	美韵丽美容茶	i
3200	芙丽芳丝	i
3201	上述	i
3202	银色	i
3203	成人性电影	i
3204	Z褪红	i
3205	酷游乐新手卡之家	i
3206	长城	i
3207	舒	i
3208	MSKINS美迹	i
3209	看多	i
3210	任	i
3211	竹内正	i
3212	购机	i
3213	省	i
3214	市场价	i
3215	洛克鱼乐	i
3216	美元	i
3217	这里	i
3218	农村	i
3219	上演	i
3220	登场	i
3221	NE祛斑茶	i
3222	颜魔师	i
3223	莎	i
3224	有效	i
3225	做好	i
3226	牛初乳	i
3227	海丝丽羊胎素	i
3228	连锁	i
3229	励骏会娱乐	i
3230	会传染	i
3231	有限公司	i
3232	聚首	i
3233	实	i
3234	业	i
3235	倾斜	i
3236	即将亮相	i
3237	痘全清	i
3238	婵真新调理霜	i
3239	李百年妇净丹	i
3240	指纹识别	i
3241	医保	i
3242	天缘养生酷乐	i
3243	维塔	i
3244	委员会	i
3245	开讲	i
3246	奈氏力斯	i
3247	赵丽颖	i
3248	公务员	i
3249	康尧小儿推拿	i
3250	物流	i
3251	主	i
3252	微店	i
3253	乳腺增生	i
3254	设	i
3255	丽塔痘茶	i
3256	足球小将	i
3257	阁	i
3258	甘之露饮	i
3259	倩影瘦身	i
3260	奥甲霜	i
3261	M	i
3262	力挽狂澜	i
3263	自己	i
3264	推荐	i
3265	进球	i
3266	小众	i
3267	Mannose	i
3268	悍马威特刚	i
3269	专卖	i
3270	蜗牛	i
3271	上海华肤医院	i
3272	主席	i
3273	年轻	i
3274	条	i
3275	圣托酒店用品网	i
3276	小型	i
3277	乳腺癌	i
3278	西南	i
3279	御方虫草丰胸汤	i
3280	灯	i
3281	空调	i
3282	BST	i
3283	u影魅力	i
3284	已	i
3285	喜欢	i
3286	海外媒体	i
3287	婷美	i
3288	增加	i
3289	狐臭净	i
3290	课	i
3291	本文	i
3292	市场份额	i
3293	华美整形医院	i
3294	人类	i
3295	联想	i
3296	推广员	i
3297	菲特	i
3298	翠微红月子茶	i
3299	至尊	i
3300	中奖	i
3301	性8有你	i
3302	红色	i
3303	记者	i
3304	收缩水	i
3305	紫草皂	i
3306	居首	i
3307	广为	i
3308	江西	i
3309	推进	i
3310	六大	i
3311	财政	i
3312	佳禾	i
3313	正式上市	i
3314	纪元育发茶	i
3315	持续	i
3316	组织开展	i
3317	活性	i
3318	装饰	i
3319	米诺地尔生发液	i
3320	虚拟网店	i
3321	深圳阳光医院	i
3322	信托	i
3323	大全	i
3324	CE本草	i
3325	贼	i
3326	每日闲情	i
3327	着	i
3328	组合	i
3329	心心	i
3330	良心	i
3331	用户	i
3332	雷克萨斯	i
3333	专用	i
3334	润之尔康怡口香莲	i
3335	地黄	i
3336	不支持	i
3337	做	i
3338	豆豆博士	i
3339	合资	i
3340	动力	i
3341	米奇影院	i
3342	背后	i
3343	提速	i
3344	售车	i
3345	全效	i
3346	杂志	i
3347	沪上	i
3348	爱瘦	i
3349	非凡	i
3350	软胶	i
3351	惠州	i
3352	街区	i
3353	果蔬	i
3354	益康草本增高素	i
3355	时事一点通	i
3356	梆子	i
3357	概率	i
3358	界面	i
3359	娜塔美白茶HX	i
3360	封测	i
3361	优惠日期	i
3362	家中	i
3363	菲林格尔	i
3364	黑头净	i
3365	动物	i
3366	市民	i
3367	则	i
3368	NE防辐射美白茶	i
3369	爽口乐	i
3370	够	i
3371	应急	i
3372	举办	i
3373	艾玫芙	i
3374	堆场	i
3375	雍禾植发	i
3376	扩展	i
3377	佳	i
3378	膜法世家1908	i
3379	交流	i
3380	至美胶原蛋白	i
3381	尴尬	i
3382	e	i
3383	到货	i
3384	效	i
3385	A8	i
3386	路畅	i
3387	家乡	i
3388	天天色图网	i
3389	白银	i
3390	WIZBEE	i
3391	草药	i
3392	召开	i
3393	婵真银杏洗面奶	i
3394	移植	i
3395	京润珍珠	i
3396	支持	i
3397	冰点价	i
3398	减灾	i
3399	俏	i
3400	武警	i
3401	配色	i
3402	牙	i
3403	变	i
3404	润之尔康豆葆茶	i
3405	影响	i
3406	牛皮癣	i
3407	iPhone5s	i
3408	新业软件	i
3409	途胜	i
3410	加码	i
3411	肤达尼疤痕精华	i
3412	被查	i
3413	口香	i
3414	蔓妮韵瘦身贴	i
3415	超级	i
3416	南京	i
3417	网店	i
3418	国际	i
3419	企稳	i
3420	页	i
3421	登陆	i
3422	开发商	i
3423	更具	i
3424	遵义	i
3425	万众口腔医院	i
3426	行业	i
3427	玉姿纺	i
3428	禁	i
3429	东南	i
3430	票房	i
3431	保护膜	i
3432	去年	i
3433	权威	i
3434	S美瘦身贴	i
3435	确诊	i
3436	玛丽安	i
3437	特米团购网	i
3438	接骨木眼胶	i
3439	深圳流花医院	i
3440	防辐射	i
3441	窗	i
3442	外	i
3443	咨询	i
3444	北京瑞祥装饰	i
3445	现有	i
3446	CPU	i
3447	好礼送不停	i
3448	一万	i
3449	沣	i
3450	美雅仕	i
3451	宾果	i
3452	两	i
3453	云南	i
3454	牛油果	i
3455	认准	i
3456	未	i
3457	豪	i
3458	海立方娱乐	i
3459	火箭	i
3460	奖励	i
3461	巴基斯坦	i
3462	一下	i
3463	打开	i
3464	防辐射美白茶	i
3465	开放	i
3466	希望	i
3467	纳入	i
3468	梦菲尔祛斑胶囊	i
3469	疱复康组合	i
3470	阿波罗	i
3471	棋	i
3472	坊	i
3473	母	i
3474	千纤草	i
3475	K7娱乐城	i
3476	特优团	i
3477	麦特宁	i
3478	太	i
3479	不足	i
3480	健足之美	i
3481	带动	i
3482	连锁销售	i
3483	双核	i
3484	丰尔美丰胸	i
3485	豆颜净壹加壹	i
3486	白魔	i
3487	战痘祛痘王	i
3488	止	i
3489	社会各界	i
3490	高端	i
3491	工程	i
3492	早	i
3493	菲舒瘦网	i
3494	马	i
3495	NE美白茶	i
3496	逆时恒美	i
3497	足球模拟投注	i
3498	新浪	i
3499	时候	i
3500	隆鑫	i
3501	纳豆胶囊	i
3502	天才宝贝四部曲	i
3503	杭州	i
3504	暖阳阳咽喉散	i
3505	除湿机	i
3506	唯净珀琳诗	i
3507	何氏狐臭净	i
3508	专业做百度百科	i
3509	博弈	i
3510	商途网商学院	i
3511	十分	i
3512	针	i
3513	学校	i
3514	坚持	i
3515	蕴露防脱发香波	i
3516	特点	i
3517	排	i
3518	享受	i
3519	山西	i
3520	首	i
3521	3C	i
3522	免费	i
3523	队	i
3524	HC360	i
3525	武警天津总队医院	i
3526	交	i
3527	兰	i
3528	十字	i
3529	优梦韵欧吉	i
3530	考验	i
3531	移动电源	i
3532	费	i
3533	总	i
3534	雨一直下	i
3535	大连	i
3536	娜塔美白茶美白	i
3537	补发中心	i
3538	中药静脉舒宁	i
3539	组	i
3540	三星	i
3541	草本一口香	i
3542	博盈羊胎素	i
3543	牛尔的晚安冻膜	i
3544	国奥	i
3545	交房	i
3546	神行	i
3547	新东方	i
3548	进程	i
3549	香格儿	i
3550	上海华美	i
3551	小色猫影院	i
3552	新耐克IGK99	i
3553	广告片	i
3554	天狼	i
3555	车道	i
3556	级	i
3557	微软	i
3558	香港第一金	i
3559	北京碧莲盛	i
3560	地址	i
3561	共	i
3562	您看	i
3563	管道	i
3564	区域	i
3565	直	i
3566	无人机	i
3567	叶参根止糖草	i
3568	紫外线	i
3569	拼	i
3570	姐	i
3571	分析	i
3572	大家	i
3573	阿迪锅	i
3574	演示	i
3575	发水	i
3576	率	i
3577	警方	i
3578	瑞宝专柜	i
3579	公告	i
3580	东佳国际韩语	i
3581	天猫	i
3582	永利博线上	i
3583	17pk波克城市	i
3584	机顶盒	i
3585	军	i
3586	吞	i
3587	豆美康	i
3588	声音	i
3589	频道	i
3590	行情	i
3591	希泊妮活肤	i
3592	伤	i
3593	控	i
3594	自创	i
3595	契尔氏蓝水	i
3596	时光	i
3597	及时	i
3598	高管	i
3599	第	i
3600	能力	i
3601	解放军	i
3602	照片	i
3603	伊诺思	i
3604	大众	i
3605	首批	i
3606	服务器	i
3607	为	i
3608	加盟	i
3609	竹林	i
3610	服务	i
3611	绿色妆园修复霜	i
3612	咨询中心	i
3613	杨家膏药	i
3614	无惧	i
3615	博盈胶原蛋白胶囊	i
3616	一半	i
3617	先进	i
3618	面部	i
3619	百福美的胶原蛋白	i
3620	美国高非特	i
3621	花草魔力	i
3622	水漾透明质酸	i
3623	卡宴	i
3624	美国快高	i
3625	世林	i
3626	八度饮	i
3627	奥	i
3628	丽贝丽	i
3629	Ultra	i
3630	复方	i
3631	瑞	i
3632	影驰	i
3633	会议	i
3634	以	i
3635	美高梅娱乐场	i
3636	欢乐谷娱乐城	i
3637	28杠	i
3638	康复	i
3639	依薇儿纯天然	i
3640	超值	i
3641	爱瘦aisool	i
3642	请	i
3643	桶	i
3644	软件	i
3645	网友	i
3646	基民	i
3647	膳食纤维减肥瘦身	i
3648	店内	i
3649	大家期待	i
3650	帅	i
3651	宝旺旺	i
3652	灭滴灵片	i
3653	下跪	i
3654	相聚缘导购网	i
3655	陶宝搜豪情天赐	i
3656	像素	i
3657	直降	i
3658	自动	i
3659	处女思春	i
3660	玉千金爱情保鲜	i
3661	无心法师	i
3662	闭幕	i
3663	真	i
3664	校	i
3665	严	i
3666	沙柏琳娜	i
3667	本次	i
3668	卫生	i
3669	眼霜	i
3670	销售群	i
3671	尧	i
3672	欧氏戒烟贴	i
3673	申	i
3674	强劲	i
3675	晚场	i
3676	净紫丹组合	i
3677	呵护	i
3678	丽	i
3679	莼	i
3680	色吧影院	i
3681	秀	i
3682	ABB	i
3683	烹饪	i
3684	幅	i
3685	升	i
3686	含有	i
3687	妮可凝胶棒	i
3688	专家	i
3689	伟达医院	i
3690	大学	i
3691	转投	i
3692	摩恩Moen	i
3693	瑞虎	i
3694	百眉俏网	i
3695	合肥	i
3696	90后	i
3697	天津百氏洁环保	i
3698	工作频率	i
3699	抓紧	i
3700	真钱龙虎	i
3701	客户端	i
3702	临汾	i
3703	对手	i
3704	大乐透	i
3705	Apple	i
3706	排毒	i
3707	丽塔去痘	i
3708	悦	i
3709	领导	i
3710	圣力宝补肾胶囊	i
3711	一轩斋	i
3712	并且	i
3713	这个价位	i
3714	当心	i
3715	尸体	i
3716	东风悦达起亚	i
3717	真正	i
3718	力狮	i
3719	板	i
3720	未雨绸缪	i
3721	特别	i
3722	国家	i
3723	娜塔美白茶ZX	i
3724	定位	i
3725	植发医院碧莲盛	i
3726	安婕妤	i
3727	四川	i
3728	开服	i
3729	成	i
3730	索泰	i
3731	牙黄金1号	i
3732	被捕	i
3733	龙	i
3734	力	i
3735	美国姐挺柏玫思	i
3736	商行	i
3737	维胺酯胶囊	i
3738	龙岩	i
3739	值得	i
3740	不过	i
3741	心动	i
3742	架构	i
3743	化工	i
3744	采访	i
3745	昨	i
3746	大额	i
3747	结算	i
3748	产业	i
3749	硬顶	i
3750	到	i
3751	燃油	i
3752	生死关头	i
3753	外援	i
3754	琴	i
3755	水晶饰品	i
3756	边	i
3757	天香百合官网	i
3758	2011	i
3759	华硕	i
3760	尊龙娱乐城	i
3761	南京美立方	i
3762	路虎	i
3763	百福美胶原蛋白	i
3764	石岭	i
3765	京万红烫伤膏	i
3766	莫选	i
3767	啊	i
3768	扫描	i
3769	行	i
3770	低	i
3771	参考价格	i
3772	大部分	i
3773	怡	i
3774	iPhone	i
3775	车动力	i
3776	多些	i
3777	忙	i
3778	拥有	i
3779	发动机	i
3780	吉康牌清肺排毒烟	i
3781	磷酸	i
3782	人	i
3783	波比爱	i
3784	汤	i
3785	阿森	i
3786	主力	i
3787	显示器	i
3788	祛痘霜	i
3789	致富	i
3790	更新	i
3791	卖茶疗产品的网站	i
3792	泌淋停组合	i
3793	课程	i
3794	新车	i
3795	邀请	i
3796	和羞瘦专题网	i
3797	资产	i
3798	癫痫病	i
3799	上海HC360度	i
3800	老蔓藤防脱	i
3801	沪指	i
3802	隐患	i
3803	亚洲	i
3804	投票	i
3805	如	i
3806	分行	i
3807	热销	i
3808	睡眠	i
3809	稳赢至尊	i
3810	乐可瘦减肥网	i
3811	美韵榜	i
3812	氏	i
3813	冰火透脂爽	i
3814	画面	i
3815	易	i
3816	FUE	i
3817	一降到底	i
3818	鸿运网	i
3819	预算	i
3820	酷派	i
3821	加长	i
3822	重庆长城部队医院	i
3823	售价	i
3824	次	i
3825	海纳八宝	i
3826	韩国巧克瘦身	i
3827	王妃	i
3828	纪元养胃茶	i
3829	不住	i
3830	改装	i
3831	灵药	i
3832	待解	i
3833	风扇	i
3834	心脏病康复汤	i
3835	祥林膏药	i
3836	美牙冠	i
3837	股份有限公司	i
3838	同样	i
3839	固态硬盘	i
3840	搜	i
3841	同城一夜情	i
3842	为什么	i
3843	或者	i
3844	假	i
3845	症状	i
3846	盈	i
3847	香附	i
3848	如今	i
3849	学院	i
3850	B3蓓朵	i
3851	徐清宣活血通鞘贴	i
3852	馨漫园	i
3853	区间	i
3854	潜藏	i
3855	力量	i
3856	纳历	i
3857	直销	i
3858	飞适官网	i
3859	思维	i
3860	功能	i
3861	便宜	i
3862	记录仪	i
3863	火啦啦吸吸瘦	i
3864	核桃	i
3865	顺发棋牌	i
3866	修护	i
3867	雅兰蒂尔	i
3868	变速器	i
3869	晶锐	i
3870	广大市民	i
3871	可能	i
3872	皙肤泉面膜	i
3873	破浪	i
3874	处理器	i
3875	频率	i
3876	件	i
3877	国立	i
3878	桑德兰	i
3879	不会	i
3880	458	i
3881	盼	i
3882	派出所	i
3883	能飞英语学习软件	i
3884	分	i
3885	爆料	i
3886	残	i
3887	美伊美	i
3888	新东	i
3889	与	i
3890	皮肤科	i
3891	中国正牙网	i
3892	玉姿纺网	i
3893	豪华型	i
3894	玛	i
3895	尚	i
3896	再加上	i
3897	豆都立客消	i
3898	下载	i
3899	完肤油烫伤药	i
3900	不仅	i
3901	助力	i
3902	立贝尔	i
3903	散热	i
3904	新版本	i
3905	军医	i
3906	英特尔	i
3907	营销	i
3908	玩游戏	i
3909	氧	i
3910	防空兵	i
3911	对比测试	i
3912	北京高新医院	i
3913	植发	i
3914	新纤姿网	i
3915	修复霜	i
3916	区间震荡	i
3917	六小龄童	i
3918	尾盘	i
3919	心	i
3920	国际化	i
3921	李晓鹏新浪博客	i
3922	新纤姿瘦身胶囊	i
3923	为啥	i
3924	Spigen	i
3925	音乐	i
3926	征服	i
3927	滑板	i
3928	传奇鱼乐	i
3929	色狼窝导航	i
3930	如何	i
3931	配件	i
3932	探索	i
3933	浣肤祛痘平疤组合	i
3934	腾讯	i
3935	给	i
3936	发布会	i
3937	树荣苦菜	i
3938	酷游乐游戏网	i
3939	丝菲生发产品	i
3940	奥马尔	i
3941	雅顿家	i
3942	增强	i
3943	特米团购导航	i
3944	泥	i
3945	退步	i
3946	英寸	i
3947	鸿运姓名网	i
3948	育森育发液	i
3949	石	i
3950	公主岭	i
3951	一乐电影网	i
3952	云鼎娱乐场	i
3953	三原色导购	i
3954	陈氏天龙活骨丸	i
3955	能	i
3956	来源	i
3957	推荐线路	i
3958	马记鹿胎膏	i
3959	脱发	i
3960	瘀	i
3961	黄磊	i
3962	京华友好	i
3963	爽口乐香口组合	i
3964	驭	i
3965	方正	i
3966	大礼	i
3967	于	i
3968	我	i
3969	性价比	i
3970	骨病康	i
3971	沈阳谷雨生发	i
3972	应用	i
3973	联众娱乐	i
3974	信任	i
3975	已经	i
3976	六味防脱生发酊	i
3977	生	i
3978	晨报	i
3979	康美欣	i
3980	消费	i
3981	下过	i
3982	自拍	i
3983	重庆仁爱医院	i
3984	孩子	i
3985	专科	i
3986	公园	i
3987	霍克	i
3988	黄宗泽	i
3989	爱	i
3990	现	i
3991	金斯利安	i
3992	益母草双效祛斑	i
3993	传统	i
3994	减少	i
3995	拍电影	i
3996	包包	i
3997	艾弗莎抗皱面霜	i
3998	皮肤病	i
3999	存储	i
4000	赏	i
4001	从	i
4002	新一代	i
4003	提	i
4004	建设	i
4005	新纤姿荷叶网	i
4006	超级P57	i
4007	套	i
4008	经典	i
4009	忘	i
4010	减肥咖啡	i
4011	上市公司	i
4012	gallery	i
4013	乐购	i
4014	结婚	i
4015	土楼	i
4016	醒脑安康组合	i
4017	脱去	i
4018	脱	i
4019	环球时代学校	i
4020	最大功率	i
4021	台	i
4022	豪华	i
4023	人员	i
4024	间	i
4025	旗舰	i
4026	山寨	i
4027	灵换肤组合	i
4028	e	i
4029	扼守	i
4030	曾	i
4031	精油	i
4032	水果	i
4033	休闲	i
4034	培训	i
4035	成为	i
4036	绿茶	i
4037	电子	i
4038	家居旗舰店	i
4039	官方网	i
4040	Mate	i
4041	事件	i
4042	店	i
4043	香	i
4044	凤颐春芝麻獾獾油	i
4045	徕卡	i
4046	推拿	i
4047	高纬	i
4048	根据	i
4049	本身	i
4050	酷鞋吧	i
4051	优之店	i
4052	露	i
4053	机会	i
4054	公共	i
4055	百度搜	i
4056	笔者	i
4057	方法	i
4058	Lumia	i
4059	脱发最终号	i
4060	局	i
4061	比度克	i
4062	商	i
4063	谨防	i
4064	简介	i
4065	心品	i
4066	半	i
4067	999	i
4068	碳化	i
4069	接口	i
4070	希捷	i
4071	插座	i
4072	手自一体	i
4073	跑车	i
4074	做法	i
4075	报价	i
4076	歪歪乐减肥网	i
4077	沙龙国际娱乐城	i
4078	男人	i
4079	慈善	i
4080	冯小刚	i
4081	东风日产	i
4082	北京靓首	i
4083	该	i
4084	印刷	i
4085	盛宴	i
4086	新浪网	i
4087	荣威	i
4088	新纤姿瘦身胶囊网	i
4089	建国中医院	i
4090	高速公路	i
4091	家族	i
4092	女士	i
4093	谋划	i
4094	乌克兰	i
4095	价	i
4096	操作	i
4097	禾	i
4098	健康四通网	i
4099	拿	i
4100	还原	i
4101	特快	i
4102	即将上市	i
4103	草莓派护肤论坛	i
4104	福田围巾进货网	i
4105	成人	i
4106	公里	i
4107	夺冠	i
4108	二	i
4109	绅宝	i
4110	o	i
4111	医学	i
4112	中房博越	i
4113	题	i
4114	凭借	i
4115	定	i
4116	可怕	i
4117	非常	i
4118	深圳	i
4119	依然	i
4120	队医	i
4121	娜塔go美白茶	i
4122	肝泰乐	i
4123	管理	i
4124	BEDOOK	i
4125	您	i
4126	谷歌	i
4127	Charmiya	i
4128	回家	i
4129	玉妍茜	i
4130	由	i
4131	创造	i
4132	白斑病	i
4133	质量	i
4134	病人	i
4135	更换	i
4136	扮酷	i
4137	魅	i
4138	纽	i
4139	福利	i
4140	豆瓣酱	i
4141	及	i
4142	位	i
4143	去屑	i
4144	瘦身贴	i
4145	疑难	i
4146	热卖	i
4147	近日	i
4148	康	i
4149	轿车	i
4150	材质	i
4151	嫩红	i
4152	板面	i
4153	伊美尔加禾	i
4154	重装	i
4155	弗斯隆	i
4156	板块	i
4157	靓首织发	i
4158	系统	i
4159	微博	i
4160	电脑游戏	i
4161	美白茶	i
4162	保护	i
4163	喀山	i
4164	第二代	i
4165	可免费	i
4166	诺	i
4167	京德胜门中医院	i
4168	交易	i
4169	岁	i
4170	账号	i
4171	润之尔康月舒调经	i
4172	市	i
4173	上海万众口腔医院	i
4174	诞生	i
4175	然而	i
4176	轮毂	i
4177	中华	i
4178	激情引爆	i
4179	作战	i
4180	玩家	i
4181	丽斯	i
4182	尼克斯	i
4183	印帝茶	i
4184	罪犯	i
4185	得	i
4186	欧迪拉	i
4187	美立白祛斑组合	i
4188	期待	i
4189	小米	i
4190	共同	i
4191	原	i
4192	没	i
4193	白里透红祛斑霜	i
4194	怀素	i
4195	踢	i
4196	去黑套装	i
4197	消费者	i
4198	畅享	i
4199	财富	i
4200	出现	i
4201	大夫	i
4202	肩	i
4203	博尔赫斯	i
4204	战略	i
4205	钱	i
4206	狐息奥黛班	i
4207	防	i
4208	曲面	i
4209	心疼	i
4210	常氏满族鹿胎膏	i
4211	赚钱	i
4212	相比	i
4213	护发	i
4214	来袭	i
4215	日本	i
4216	有些	i
4217	云鼎娱乐	i
4218	仍	i
4219	绿色	i
4220	周年	i
4221	五菱	i
4222	柠檬	i
4223	晒	i
4224	保持	i
4225	感觉	i
4226	鲜美	i
4227	发表	i
4228	办理真文凭	i
4229	孕肤宝	i
4230	趋势	i
4231	娜露可	i
4232	颐辉修复霜	i
4233	上海万众男科医院	i
4234	广州	i
4235	庞巴迪	i
4236	涡轮增压	i
4237	此	i
4238	德国的优发阿佩辛	i
4239	通报	i
4240	洁	i
4241	精华液	i
4242	介绍	i
4243	古墓	i
4244	样式	i
4245	街头	i
4246	乳腺增生理疗贴	i
4247	三效疤复平	i
4248	红姐1977	i
4249	康洁克霉王	i
4250	发行	i
4251	鼎盛摩尔	i
4252	日本眼舒蒸润宝	i
4253	韩国	i
4254	制度	i
4255	据悉	i
4256	选	i
4257	组织	i
4258	引起	i
4259	不	i
4260	胶原蛋白	i
4261	免费口语测试	i
4262	战痘	i
4263	时间	i
4264	新时代植发	i
4265	预告片	i
4266	孙子	i
4267	车用	i
4268	女明星	i
4269	都是	i
4270	豪华版	i
4271	首曝	i
4272	经营者	i
4273	汇美舍	i
4274	四驱	i
4275	溢	i
4276	安徽武警总队医院	i
4277	内部	i
4278	候航网	i
4279	提高	i
4280	指出	i
4281	尔择宝官网	i
4282	诚信证网	i
4283	注意	i
4284	洗发水	i
4285	怎么办	i
4286	立体感	i
4287	重新开放	i
4288	特价促销	i
4289	丽宝姿	i
4290	前得乐	i
4291	女神	i
4292	均	i
4293	居委会	i
4294	疱无忧组合	i
4295	至尊恋爱秘籍	i
4296	百人碰碰车	i
4297	陈妍希	i
4298	释永信	i
4299	兹	i
4300	罗	i
4301	我爱瘦塑身馆	i
4302	方位	i
4303	终极	i
4304	北汽	i
4305	蛋白	i
4306	蔓妮韵网站	i
4307	淘来淘去返现网	i
4308	碧莲盛植发	i
4309	资本	i
4310	斯帕可	i
4311	羽瑾祛痘	i
4312	华美	i
4313	月份	i
4314	七星彩	i
4315	袜520评测网	i
4316	距离	i
4317	博盈胶原蛋白	i
4318	网址	i
4319	关	i
4320	牵	i
4321	GrowthFlexVPro	i
4322	车商	i
4323	招聘|招募|诚聘	i
4324	痕	i
4325	希泊妮活肤组合	i
4326	执业药师	i
4327	疣泌舒	i
4328	头条	i
4329	表示	i
4330	牛油	i
4331	纬度	i
4332	可以通过	i
4333	定义	i
4334	图腾	i
4335	一名	i
4336	施工	i
4337	利用	i
4338	抓	i
4339	年轻因子暖巢宝	i
4340	GSE	i
4341	把脉	i
4342	来说	i
4343	颜益美	i
4344	多	i
4345	均有	i
4346	接骨	i
4347	桂苓宫膜贴	i
4348	莱思蒂思	i
4349	购车	i
4350	掩	i
4351	凝	i
4352	点燃	i
4353	将	i
4354	新款	i
4355	多重惊喜等你来	i
4356	折扣	i
4357	美国疤可派梦尔	i
4358	皓爽洁牙组合	i
4359	林弗斯隆	i
4360	换成	i
4361	工作者	i
4362	OPPO	i
4363	奇酷	i
4364	ckfsy	i
4365	化妆	i
4366	版	i
4367	绝缘微针脱毛仪	i
4368	清妃	i
4369	黑黛补发	i
4370	联	i
4371	潘魅斯妊娠霜	i
4372	四	i
4373	涨停	i
4374	风暴	i
4375	珠江口	i
4376	烟	i
4377	鹿宝斋鹿l胎l膏	i
4378	信	i
4379	表现出	i
4380	悦活堂	i
4381	政府	i
4382	丽尔美	i
4383	强效	i
4384	携手	i
4385	金泰昌足浴盆	i
4386	爱妮少儿英语	i
4387	丰胸	i
4388	一滴	i
4389	马航	i
4390	上海华美植发	i
4391	上海万众	i
4392	也是	i
4393	宝贝推广联盟	i
4394	丽尔o	i
4395	肤达尼	i
4396	安美拉	i
4397	甘露	i
4398	逍遥调经贴	i
4399	有趣	i
4400	破解	i
4401	杨氏乾坤膏	i
4402	增高	i
4403	淘宝维荣堂	i
4404	德国优发阿佩辛	i
4405	这种	i
4406	自个	i
4407	弗	i
4408	资葆	i
4409	下	i
4410	植物	i
4411	碧莲盛	i
4412	深成指	i
4413	回馈	i
4414	爱心	i
4415	幼童	i
4416	颗粒	i
4417	明显	i
4418	睫	i
4419	霹雳	i
4420	鸿运国际	i
4421	安装	i
4422	钜	i
4423	速	i
4424	坚果整形	i
4425	石家	i
4426	执法	i
4427	润之尔康e	i
4428	股指	i
4429	经理	i
4430	博大	i
4431	月票	i
4432	汇众教育	i
4433	潍坊	i
4434	百草	i
4435	胆舒康贴剂	i
4436	油价	i
4437	明星	i
4438	大小	i
4439	优派	i
4440	昆明碧莲盛	i
4441	公司	i
4442	牙疼	i
4443	集成	i
4444	小微	i
4445	凯伊秀	i
4446	疤玛葆欧利	i
4447	蕴妙	i
4448	之	i
4449	特色小吃	i
4450	控制系统	i
4451	4S	i
4452	牛尔官网	i
4453	较多	i
4454	打	i
4455	腕	i
4456	准备	i
4457	孙	i
4458	高	i
4459	万国中医院	i
4460	大赦	i
4461	中H堂	i
4462	vziehc	i
4463	自	i
4464	防雹	i
4465	患病	i
4466	芳草集天夷专卖店	i
4467	美迪瘦减肥方法网	i
4468	明晚	i
4469	详情	i
4470	抑疮净痘组合	i
4471	九株浓缩液	i
4472	第二波	i
4473	旱莲固齿散	i
4474	静脉通组合	i
4475	指南	i
4476	开	i
4477	它	i
4478	加禾无痕植发医院	i
4479	处	i
4480	鸿博诈金花	i
4481	断裂	i
4482	惊喜不断	i
4483	换B级锁芯	i
4484	胜负彩	i
4485	泥浆	i
4486	痘园中药馆	i
4487	加热	i
4488	暑	i
4489	快递	i
4490	非定向	i
4491	以色列	i
4492	苏宁	i
4493	思铂睿	i
4494	同比下降	i
4495	长度	i
4496	快速	i
4497	超限	i
4498	那些事	i
4499	缩阴产品日月娇	i
4500	传	i
4501	水晶	i
4502	广告联盟唯美	i
4503	绽放网	i
4504	大地娱乐	i
4505	地	i
4506	而且	i
4507	达尼	i
4508	乐视	i
4509	购买	i
4510	发生枪击事件	i
4511	速度	i
4512	车型	i
4513	收益率	i
4514	神农世家	i
4515	教育部	i
4516	费用	i
4517	磅	i
4518	个人	i
4519	损耗	i
4520	植	i
4521	VE	i
4522	南昌	i
4523	部队医院	i
4524	双待	i
4525	霜	i
4526	纯左旋肉减	i
4527	该机	i
4528	站	i
4529	存	i
4530	顺德	i
4531	铝	i
4532	满	i
4533	你	i
4534	淘乐部	i
4535	紧凑	i
4536	验证	i
4537	择	i
4538	雪佳妮祛斑霜	i
4539	快	i
4540	喜爱	i
4541	gft400	i
4542	双福语音浏览器	i
4543	不删档	i
4544	混	i
4545	梵素白里透红套装	i
4546	冬奥会	i
4547	世纪金花	i
4548	鸡蛋	i
4549	艾	i
4550	郑州seo	i
4551	套装	i
4552	瑞美戒烟网	i
4553	浏览器	i
4554	醒脑安康	i
4555	日日	i
4556	狂降	i
4557	老蔓藤	i
4558	积极	i
4559	铜价	i
4560	市人大	i
4561	能否	i
4562	朵肤美白祛斑	i
4563	冰希黎	i
4564	精英加盟	i
4565	官	i
4566	羞颜坊	i
4567	考试	i
4568	办	i
4569	孕前	i
4570	亲朋棋牌	i
4571	护发网	i
4572	推	i
4573	起名	i
4574	三实	i
4575	中国美妆加盟网	i
4576	富盈诈金花	i
4577	马鞭草绿豆蜜茶	i
4578	贷	i
4579	红十字会	i
4580	sasa	i
4581	深圳鹏程医院	i
4582	白粉	i
4583	安全装置	i
4584	功能霜	i
4585	ebodylabo	i
4586	华美整形	i
4587	百度知道软件	i
4588	强力	i
4589	集	i
4590	咀嚼	i
4591	又	i
4592	女子	i
4593	农业	i
4594	跌	i
4595	易乳宝静电理疗贴	i
4596	尾部	i
4597	某	i
4598	防白发	i
4599	尺寸	i
4600	4K	i
4601	破案	i
4602	全讯网	i
4603	UPS电源	i
4604	4G	i
4605	润之尔康怡眠	i
4606	合伙人	i
4607	反击	i
4608	4A	i
4609	乡	i
4610	爽口	i
4611	手绘	i
4612	桥	i
4613	葡萄	i
4614	公务	i
4615	信誉	i
4616	造型	i
4617	节目	i
4618	老太	i
4619	铁路	i
4620	珠江	i
4621	传媒	i
4622	劳动	i
4623	热巴罗布膏	i
4624	起	i
4625	部位	i
4626	丝路	i
4627	播放	i
4628	加速	i
4629	卡罗琳	i
4630	幅度	i
